<?xml version="1.0" encoding="UTF-8"?>
<coverage generated="1783770444465" clover="3.2.0">
  <project timestamp="1783770444465" name="All files">
    <metrics statements="326" coveredstatements="257" conditionals="119" coveredconditionals="64" methods="82" coveredmethods="61" elements="527" coveredelements="382" complexity="0" loc="326" ncloc="326" packages="3" files="8" classes="8"/>
    <package name="env">
      <metrics statements="54" coveredstatements="48" conditionals="20" coveredconditionals="14" methods="6" coveredmethods="6"/>
      <file name="loader.ts" path="W:\CodeDeX\codedex-api-manager\src\env\loader.ts">
        <metrics statements="54" coveredstatements="48" conditionals="20" coveredconditionals="14" methods="6" coveredmethods="6"/>
        <line num="41" count="1" type="stmt"/>
        <line num="42" count="1" type="stmt"/>
        <line num="43" count="1" type="stmt"/>
        <line num="44" count="1" type="stmt"/>
        <line num="110" count="11" type="stmt"/>
        <line num="111" count="11" type="stmt"/>
        <line num="119" count="1" type="stmt"/>
        <line num="120" count="2" type="cond" truecount="2" falsecount="0"/>
        <line num="129" count="1" type="cond" truecount="1" falsecount="0"/>
        <line num="130" count="10" type="cond" truecount="2" falsecount="0"/>
        <line num="131" count="10" type="stmt"/>
        <line num="132" count="10" type="stmt"/>
        <line num="134" count="10" type="stmt"/>
        <line num="143" count="10" type="cond" truecount="1" falsecount="0"/>
        <line num="144" count="2" type="cond" truecount="1" falsecount="0"/>
        <line num="145" count="1" type="stmt"/>
        <line num="151" count="1" type="stmt"/>
        <line num="156" count="8" type="cond" truecount="2" falsecount="0"/>
        <line num="157" count="1" type="stmt"/>
        <line num="159" count="7" type="stmt"/>
        <line num="160" count="7" type="stmt"/>
        <line num="161" count="8" type="stmt"/>
        <line num="164" count="0" type="cond" truecount="0" falsecount="1"/>
        <line num="165" count="0" type="stmt"/>
        <line num="170" count="8" type="stmt"/>
        <line num="171" count="9" type="stmt"/>
        <line num="173" count="9" type="cond" truecount="0" falsecount="1"/>
        <line num="174" count="0" type="cond" truecount="0" falsecount="1"/>
        <line num="175" count="0" type="stmt"/>
        <line num="177" count="0" type="stmt"/>
        <line num="180" count="9" type="stmt"/>
        <line num="181" count="9" type="stmt"/>
        <line num="182" count="9" type="stmt"/>
        <line num="184" count="9" type="stmt"/>
        <line num="185" count="12" type="cond" truecount="3" falsecount="0"/>
        <line num="186" count="1" type="stmt"/>
        <line num="187" count="1" type="stmt"/>
        <line num="189" count="11" type="stmt"/>
        <line num="190" count="11" type="stmt"/>
        <line num="193" count="9" type="stmt"/>
        <line num="195" count="0" type="cond" truecount="0" falsecount="1"/>
        <line num="199" count="8" type="stmt"/>
        <line num="200" count="8" type="stmt"/>
        <line num="207" count="1" type="stmt"/>
        <line num="208" count="2" type="cond" truecount="1" falsecount="1"/>
        <line num="210" count="2" type="cond" truecount="0" falsecount="1"/>
        <line num="212" count="2" type="stmt"/>
        <line num="213" count="2" type="stmt"/>
        <line num="214" count="2" type="stmt"/>
        <line num="217" count="2" type="stmt"/>
        <line num="218" count="2" type="stmt"/>
        <line num="219" count="2" type="stmt"/>
        <line num="220" count="2" type="cond" truecount="1" falsecount="0"/>
        <line num="226" count="1" type="stmt"/>
      </file>
    </package>
    <package name="persistence">
      <metrics statements="64" coveredstatements="35" conditionals="31" coveredconditionals="8" methods="13" coveredmethods="11"/>
      <file name="file.ts" path="W:\CodeDeX\codedex-api-manager\src\persistence\file.ts">
        <metrics statements="58" coveredstatements="29" conditionals="29" coveredconditionals="6" methods="9" coveredmethods="7"/>
        <line num="13" count="7" type="stmt"/>
        <line num="14" count="7" type="stmt"/>
        <line num="15" count="7" type="stmt"/>
        <line num="16" count="7" type="stmt"/>
        <line num="57" count="7" type="stmt"/>
        <line num="59" count="33" type="stmt"/>
        <line num="60" count="33" type="stmt"/>
        <line num="63" count="33" type="cond" truecount="1" falsecount="1"/>
        <line num="66" count="33" type="cond" truecount="0" falsecount="1"/>
        <line num="67" count="0" type="stmt"/>
        <line num="68" count="0" type="cond" truecount="0" falsecount="2"/>
        <line num="71" count="33" type="cond" truecount="1" falsecount="0"/>
        <line num="72" count="5" type="stmt"/>
        <line num="77" count="30" type="stmt"/>
        <line num="78" count="30" type="cond" truecount="1" falsecount="0"/>
        <line num="79" count="27" type="stmt"/>
        <line num="80" count="26" type="stmt"/>
        <line num="85" count="4" type="stmt"/>
        <line num="89" count="13" type="stmt"/>
        <line num="90" count="13" type="stmt"/>
        <line num="91" count="13" type="stmt"/>
        <line num="92" count="13" type="cond" truecount="0" falsecount="1"/>
        <line num="93" count="0" type="stmt"/>
        <line num="98" count="13" type="stmt"/>
        <line num="99" count="13" type="stmt"/>
        <line num="100" count="13" type="stmt"/>
        <line num="103" count="0" type="stmt"/>
        <line num="104" count="0" type="cond" truecount="0" falsecount="1"/>
        <line num="120" count="0" type="cond" truecount="0" falsecount="1"/>
        <line num="121" count="0" type="cond" truecount="0" falsecount="1"/>
        <line num="122" count="0" type="stmt"/>
        <line num="123" count="0" type="cond" truecount="0" falsecount="6"/>
        <line num="125" count="0" type="stmt"/>
        <line num="129" count="13" type="cond" truecount="1" falsecount="0"/>
        <line num="130" count="0" type="stmt"/>
        <line num="131" count="0" type="stmt"/>
        <line num="132" count="0" type="stmt"/>
        <line num="133" count="0" type="cond" truecount="0" falsecount="2"/>
        <line num="134" count="0" type="stmt"/>
        <line num="138" count="26" type="cond" truecount="1" falsecount="0"/>
        <line num="139" count="0" type="cond" truecount="0" falsecount="1"/>
        <line num="140" count="0" type="stmt"/>
        <line num="141" count="0" type="stmt"/>
        <line num="143" count="0" type="stmt"/>
        <line num="144" count="0" type="stmt"/>
        <line num="145" count="0" type="stmt"/>
        <line num="146" count="0" type="cond" truecount="0" falsecount="2"/>
        <line num="147" count="0" type="cond" truecount="0" falsecount="2"/>
        <line num="148" count="0" type="stmt"/>
        <line num="149" count="0" type="cond" truecount="0" falsecount="1"/>
        <line num="150" count="0" type="stmt"/>
        <line num="152" count="0" type="stmt"/>
        <line num="153" count="0" type="stmt"/>
        <line num="158" count="0" type="stmt"/>
        <line num="162" count="6" type="stmt"/>
        <line num="163" count="6" type="cond" truecount="1" falsecount="0"/>
        <line num="164" count="1" type="stmt"/>
        <line num="173" count="1" type="stmt"/>
      </file>
      <file name="memory.ts" path="W:\CodeDeX\codedex-api-manager\src\persistence\memory.ts">
        <metrics statements="6" coveredstatements="6" conditionals="2" coveredconditionals="2" methods="4" coveredmethods="4"/>
        <line num="23" count="7" type="stmt"/>
        <line num="24" count="3" type="stmt"/>
        <line num="27" count="3" type="cond" truecount="2" falsecount="0"/>
        <line num="31" count="3" type="stmt"/>
        <line num="36" count="1" type="stmt"/>
        <line num="41" count="2" type="stmt"/>
      </file>
    </package>
    <package name="presets">
      <metrics statements="208" coveredstatements="174" conditionals="68" coveredconditionals="42" methods="63" coveredmethods="44"/>
      <file name="anthropic.ts" path="W:\CodeDeX\codedex-api-manager\src\presets\anthropic.ts">
        <metrics statements="7" coveredstatements="7" conditionals="0" coveredconditionals="0" methods="4" coveredmethods="4"/>
        <line num="41" count="1" type="stmt"/>
        <line num="43" count="1" type="stmt"/>
        <line num="44" count="1" type="stmt"/>
        <line num="47" count="2" type="stmt"/>
        <line num="51" count="3" type="stmt"/>
        <line num="66" count="3" type="stmt"/>
        <line num="74" count="4" type="stmt"/>
      </file>
      <file name="base.ts" path="W:\CodeDeX\codedex-api-manager\src\presets\base.ts">
        <metrics statements="103" coveredstatements="87" conditionals="44" coveredconditionals="29" methods="31" coveredmethods="19"/>
        <line num="15" count="1" type="stmt"/>
        <line num="16" count="1" type="stmt"/>
        <line num="17" count="1" type="stmt"/>
        <line num="18" count="1" type="stmt"/>
        <line num="19" count="1" type="stmt"/>
        <line num="20" count="1" type="stmt"/>
        <line num="73" count="18" type="stmt"/>
        <line num="74" count="18" type="stmt"/>
        <line num="77" count="18" type="stmt"/>
        <line num="78" count="18" type="stmt"/>
        <line num="101" count="1" type="stmt"/>
        <line num="102" count="1" type="stmt"/>
        <line num="110" count="18" type="cond" truecount="2" falsecount="0"/>
        <line num="112" count="18" type="stmt"/>
        <line num="119" count="18" type="stmt"/>
        <line num="121" count="18" type="cond" truecount="2" falsecount="0"/>
        <line num="123" count="18" type="stmt"/>
        <line num="128" count="18" type="stmt"/>
        <line num="136" count="18" type="stmt"/>
        <line num="138" count="18" type="cond" truecount="1" falsecount="2"/>
        <line num="139" count="0" type="stmt"/>
        <line num="140" count="0" type="stmt"/>
        <line num="143" count="18" type="stmt"/>
        <line num="155" count="18" type="stmt"/>
        <line num="156" count="18" type="stmt"/>
        <line num="157" count="18" type="stmt"/>
        <line num="158" count="0" type="stmt"/>
        <line num="160" count="18" type="stmt"/>
        <line num="161" count="18" type="stmt"/>
        <line num="162" count="0" type="stmt"/>
        <line num="164" count="18" type="stmt"/>
        <line num="165" count="18" type="stmt"/>
        <line num="166" count="0" type="stmt"/>
        <line num="168" count="18" type="stmt"/>
        <line num="169" count="0" type="stmt"/>
        <line num="171" count="18" type="stmt"/>
        <line num="172" count="0" type="stmt"/>
        <line num="174" count="18" type="stmt"/>
        <line num="175" count="0" type="stmt"/>
        <line num="188" count="4" type="stmt"/>
        <line num="198" count="0" type="stmt"/>
        <line num="205" count="4" type="stmt"/>
        <line num="212" count="9" type="stmt"/>
        <line num="219" count="1" type="stmt"/>
        <line num="226" count="2" type="stmt"/>
        <line num="233" count="18" type="stmt"/>
        <line num="246" count="20" type="stmt"/>
        <line num="248" count="20" type="stmt"/>
        <line num="249" count="35" type="stmt"/>
        <line num="250" count="35" type="cond" truecount="1" falsecount="0"/>
        <line num="252" count="17" type="stmt"/>
        <line num="253" count="17" type="cond" truecount="0" falsecount="1"/>
        <line num="256" count="17" type="cond" truecount="1" falsecount="0"/>
        <line num="257" count="1" type="stmt"/>
        <line num="258" count="1" type="stmt"/>
        <line num="259" count="1" type="cond" truecount="1" falsecount="0"/>
        <line num="260" count="3" type="cond" truecount="2" falsecount="0"/>
        <line num="261" count="1" type="stmt"/>
        <line num="269" count="16" type="stmt"/>
        <line num="272" count="21" type="stmt"/>
        <line num="273" count="21" type="stmt"/>
        <line num="277" count="20" type="stmt"/>
        <line num="281" count="2" type="stmt"/>
        <line num="289" count="3" type="stmt"/>
        <line num="291" count="3" type="cond" truecount="1" falsecount="0"/>
        <line num="293" count="1" type="stmt"/>
        <line num="294" count="1" type="stmt"/>
        <line num="295" count="1" type="stmt"/>
        <line num="296" count="1" type="stmt"/>
        <line num="298" count="1" type="stmt"/>
        <line num="299" count="2" type="stmt"/>
        <line num="300" count="2" type="cond" truecount="1" falsecount="0"/>
        <line num="302" count="1" type="cond" truecount="1" falsecount="1"/>
        <line num="303" count="2" type="cond" truecount="2" falsecount="0"/>
        <line num="304" count="0" type="cond" truecount="0" falsecount="3"/>
        <line num="305" count="0" type="stmt"/>
        <line num="308" count="0" type="stmt"/>
        <line num="309" count="0" type="stmt"/>
        <line num="313" count="1" type="stmt"/>
        <line num="315" count="0" type="stmt"/>
        <line num="332" count="21" type="stmt"/>
        <line num="333" count="21" type="cond" truecount="1" falsecount="1"/>
        <line num="336" count="21" type="stmt"/>
        <line num="337" count="21" type="cond" truecount="1" falsecount="0"/>
        <line num="338" count="1" type="stmt"/>
        <line num="342" count="20" type="cond" truecount="1" falsecount="1"/>
        <line num="343" count="20" type="stmt"/>
        <line num="345" count="20" type="cond" truecount="1" falsecount="0"/>
        <line num="346" count="3" type="stmt"/>
        <line num="349" count="20" type="cond" truecount="1" falsecount="0"/>
        <line num="350" count="2" type="stmt"/>
        <line num="359" count="18" type="stmt"/>
        <line num="360" count="18" type="stmt"/>
        <line num="361" count="18" type="stmt"/>
        <line num="362" count="18" type="stmt"/>
        <line num="364" count="0" type="stmt"/>
        <line num="375" count="24" type="stmt"/>
        <line num="376" count="24" type="cond" truecount="1" falsecount="0"/>
        <line num="377" count="18" type="stmt"/>
        <line num="378" count="18" type="stmt"/>
        <line num="386" count="23" type="stmt"/>
        <line num="387" count="0" type="stmt"/>
        <line num="389" count="23" type="stmt"/>
      </file>
      <file name="gemini.ts" path="W:\CodeDeX\codedex-api-manager\src\presets\gemini.ts">
        <metrics statements="7" coveredstatements="7" conditionals="0" coveredconditionals="0" methods="4" coveredmethods="4"/>
        <line num="32" count="1" type="stmt"/>
        <line num="34" count="1" type="stmt"/>
        <line num="35" count="1" type="stmt"/>
        <line num="38" count="14" type="stmt"/>
        <line num="45" count="16" type="stmt"/>
        <line num="69" count="16" type="stmt"/>
        <line num="80" count="17" type="stmt"/>
      </file>
      <file name="multi.ts" path="W:\CodeDeX\codedex-api-manager\src\presets\multi.ts">
        <metrics statements="84" coveredstatements="66" conditionals="24" coveredconditionals="13" methods="20" coveredmethods="13"/>
        <line num="36" count="1" type="stmt"/>
        <line num="44" count="1" type="stmt"/>
        <line num="45" count="1" type="stmt"/>
        <line num="46" count="1" type="stmt"/>
        <line num="47" count="1" type="stmt"/>
        <line num="50" count="9" type="stmt"/>
        <line num="51" count="9" type="stmt"/>
        <line num="54" count="9" type="stmt"/>
        <line num="55" count="9" type="stmt"/>
        <line num="88" count="1" type="stmt"/>
        <line num="89" count="1" type="stmt"/>
        <line num="91" count="6" type="stmt"/>
        <line num="95" count="6" type="cond" truecount="2" falsecount="0"/>
        <line num="97" count="6" type="stmt"/>
        <line num="98" count="9" type="stmt"/>
        <line num="100" count="9" type="cond" truecount="0" falsecount="1"/>
        <line num="101" count="0" type="stmt"/>
        <line num="104" count="0" type="stmt"/>
        <line num="107" count="9" type="stmt"/>
        <line num="108" count="9" type="stmt"/>
        <line num="113" count="9" type="stmt"/>
        <line num="121" count="9" type="stmt"/>
        <line num="122" count="0" type="stmt"/>
        <line num="124" count="9" type="stmt"/>
        <line num="125" count="0" type="stmt"/>
        <line num="127" count="9" type="stmt"/>
        <line num="128" count="0" type="stmt"/>
        <line num="130" count="9" type="stmt"/>
        <line num="131" count="0" type="stmt"/>
        <line num="135" count="9" type="cond" truecount="2" falsecount="0"/>
        <line num="136" count="9" type="cond" truecount="1" falsecount="0"/>
        <line num="137" count="9" type="stmt"/>
        <line num="140" count="9" type="stmt"/>
        <line num="141" count="9" type="stmt"/>
        <line num="151" count="7" type="cond" truecount="1" falsecount="0"/>
        <line num="152" count="1" type="stmt"/>
        <line num="155" count="6" type="stmt"/>
        <line num="156" count="6" type="stmt"/>
        <line num="157" count="6" type="stmt"/>
        <line num="159" count="0" type="stmt"/>
        <line num="170" count="7" type="cond" truecount="1" falsecount="0"/>
        <line num="171" count="6" type="stmt"/>
        <line num="172" count="6" type="stmt"/>
        <line num="188" count="3" type="stmt"/>
        <line num="189" count="3" type="cond" truecount="1" falsecount="0"/>
        <line num="190" count="1" type="stmt"/>
        <line num="196" count="2" type="stmt"/>
        <line num="197" count="2" type="stmt"/>
        <line num="207" count="0" type="stmt"/>
        <line num="208" count="0" type="cond" truecount="0" falsecount="1"/>
        <line num="209" count="0" type="stmt"/>
        <line num="214" count="0" type="stmt"/>
        <line num="215" count="0" type="stmt"/>
        <line num="222" count="2" type="stmt"/>
        <line num="223" count="2" type="cond" truecount="1" falsecount="0"/>
        <line num="224" count="1" type="stmt"/>
        <line num="231" count="2" type="stmt"/>
        <line num="232" count="2" type="cond" truecount="0" falsecount="1"/>
        <line num="233" count="2" type="stmt"/>
        <line num="240" count="1" type="stmt"/>
        <line num="241" count="1" type="stmt"/>
        <line num="242" count="2" type="stmt"/>
        <line num="244" count="1" type="stmt"/>
        <line num="251" count="1" type="stmt"/>
        <line num="258" count="0" type="stmt"/>
        <line num="265" count="6" type="stmt"/>
        <line num="266" count="9" type="stmt"/>
        <line num="268" count="6" type="stmt"/>
        <line num="274" count="9" type="stmt"/>
        <line num="275" count="9" type="stmt"/>
        <line num="276" count="9" type="stmt"/>
        <line num="277" count="9" type="cond" truecount="0" falsecount="1"/>
        <line num="278" count="9" type="stmt"/>
        <line num="279" count="9" type="cond" truecount="0" falsecount="1"/>
        <line num="281" count="9" type="cond" truecount="0" falsecount="1"/>
        <line num="282" count="0" type="stmt"/>
        <line num="283" count="0" type="stmt"/>
        <line num="284" count="0" type="cond" truecount="0" falsecount="1"/>
        <line num="285" count="0" type="cond" truecount="0" falsecount="2"/>
        <line num="286" count="0" type="stmt"/>
        <line num="292" count="9" type="stmt"/>
        <line num="295" count="11" type="stmt"/>
        <line num="296" count="11" type="stmt"/>
        <line num="299" count="9" type="stmt"/>
      </file>
      <file name="openai.ts" path="W:\CodeDeX\codedex-api-manager\src\presets\openai.ts">
        <metrics statements="7" coveredstatements="7" conditionals="0" coveredconditionals="0" methods="4" coveredmethods="4"/>
        <line num="32" count="1" type="stmt"/>
        <line num="34" count="1" type="stmt"/>
        <line num="35" count="1" type="stmt"/>
        <line num="38" count="2" type="stmt"/>
        <line num="42" count="2" type="stmt"/>
        <line num="57" count="2" type="stmt"/>
        <line num="65" count="3" type="stmt"/>
      </file>
    </package>
  </project>
</coverage>
