{"W:\\CodeDeX\\codedex-api-manager\\src\\env\\loader.ts": {"path":"W:\\CodeDeX\\codedex-api-manager\\src\\env\\loader.ts","statementMap":{"0":{"start":{"line":119,"column":0},"end":{"line":119,"column":16}},"1":{"start":{"line":129,"column":0},"end":{"line":129,"column":16}},"2":{"start":{"line":207,"column":0},"end":{"line":207,"column":16}},"3":{"start":{"line":41,"column":0},"end":{"line":41,"column":59}},"4":{"start":{"line":42,"column":0},"end":{"line":42,"column":28}},"5":{"start":{"line":43,"column":0},"end":{"line":43,"column":29}},"6":{"start":{"line":44,"column":0},"end":{"line":44,"column":46}},"7":{"start":{"line":110,"column":19},"end":{"line":110,"column":39}},"8":{"start":{"line":111,"column":4},"end":{"line":111,"column":43}},"9":{"start":{"line":120,"column":4},"end":{"line":120,"column":76}},"10":{"start":{"line":130,"column":19},"end":{"line":130,"column":55}},"11":{"start":{"line":131,"column":19},"end":{"line":131,"column":43}},"12":{"start":{"line":132,"column":29},"end":{"line":132,"column":62}},"13":{"start":{"line":134,"column":31},"end":{"line":140,"column":6}},"14":{"start":{"line":143,"column":4},"end":{"line":152,"column":5}},"15":{"start":{"line":144,"column":8},"end":{"line":150,"column":9}},"16":{"start":{"line":145,"column":12},"end":{"line":149,"column":14}},"17":{"start":{"line":151,"column":8},"end":{"line":151,"column":22}},"18":{"start":{"line":156,"column":4},"end":{"line":167,"column":5}},"19":{"start":{"line":157,"column":8},"end":{"line":157,"column":36}},"20":{"start":{"line":159,"column":8},"end":{"line":166,"column":9}},"21":{"start":{"line":160,"column":12},"end":{"line":162,"column":24}},"22":{"start":{"line":161,"column":31},"end":{"line":161,"column":49}},"23":{"start":{"line":164,"column":12},"end":{"line":164,"column":81}},"24":{"start":{"line":164,"column":25},"end":{"line":164,"column":81}},"25":{"start":{"line":165,"column":12},"end":{"line":165,"column":26}},"26":{"start":{"line":170,"column":4},"end":{"line":197,"column":5}},"27":{"start":{"line":171,"column":25},"end":{"line":171,"column":47}},"28":{"start":{"line":173,"column":8},"end":{"line":178,"column":9}},"29":{"start":{"line":174,"column":12},"end":{"line":176,"column":13}},"30":{"start":{"line":175,"column":16},"end":{"line":175,"column":67}},"31":{"start":{"line":177,"column":12},"end":{"line":177,"column":21}},"32":{"start":{"line":180,"column":8},"end":{"line":196,"column":9}},"33":{"start":{"line":181,"column":28},"end":{"line":181,"column":59}},"34":{"start":{"line":182,"column":25},"end":{"line":182,"column":46}},"35":{"start":{"line":184,"column":12},"end":{"line":191,"column":13}},"36":{"start":{"line":185,"column":16},"end":{"line":188,"column":17}},"37":{"start":{"line":186,"column":20},"end":{"line":186,"column":49}},"38":{"start":{"line":187,"column":20},"end":{"line":187,"column":29}},"39":{"start":{"line":189,"column":16},"end":{"line":189,"column":41}},"40":{"start":{"line":190,"column":16},"end":{"line":190,"column":33}},"41":{"start":{"line":193,"column":12},"end":{"line":193,"column":46}},"42":{"start":{"line":195,"column":12},"end":{"line":195,"column":35}},"43":{"start":{"line":195,"column":25},"end":{"line":195,"column":35}},"44":{"start":{"line":199,"column":4},"end":{"line":199,"column":50}},"45":{"start":{"line":200,"column":4},"end":{"line":200,"column":18}},"46":{"start":{"line":208,"column":19},"end":{"line":208,"column":56}},"47":{"start":{"line":210,"column":4},"end":{"line":210,"column":46}},"48":{"start":{"line":210,"column":29},"end":{"line":210,"column":46}},"49":{"start":{"line":212,"column":4},"end":{"line":224,"column":5}},"50":{"start":{"line":213,"column":22},"end":{"line":215,"column":19}},"51":{"start":{"line":214,"column":27},"end":{"line":214,"column":45}},"52":{"start":{"line":217,"column":8},"end":{"line":221,"column":9}},"53":{"start":{"line":218,"column":28},"end":{"line":218,"column":73}},"54":{"start":{"line":219,"column":25},"end":{"line":219,"column":46}},"55":{"start":{"line":220,"column":12},"end":{"line":220,"column":52}},"56":{"start":{"line":220,"column":31},"end":{"line":220,"column":52}},"57":{"start":{"line":226,"column":4},"end":{"line":226,"column":21}}},"fnMap":{"0":{"name":"parseEnvFile","decl":{"start":{"line":109,"column":9},"end":{"line":109,"column":21}},"loc":{"start":{"line":109,"column":37},"end":{"line":112,"column":1}}},"1":{"name":"getDefaultEnvDir","decl":{"start":{"line":119,"column":16},"end":{"line":119,"column":32}},"loc":{"start":{"line":119,"column":32},"end":{"line":121,"column":1}}},"2":{"name":"loadCentralEnv","decl":{"start":{"line":129,"column":16},"end":{"line":129,"column":30}},"loc":{"start":{"line":129,"column":66},"end":{"line":201,"column":1}}},"3":{"name":"(anonymous_3)","decl":{"start":{"line":161,"column":24},"end":{"line":161,"column":25}},"loc":{"start":{"line":161,"column":31},"end":{"line":161,"column":49}}},"4":{"name":"getCentralEnvVar","decl":{"start":{"line":207,"column":16},"end":{"line":207,"column":32}},"loc":{"start":{"line":207,"column":75},"end":{"line":227,"column":1}}},"5":{"name":"(anonymous_5)","decl":{"start":{"line":214,"column":20},"end":{"line":214,"column":21}},"loc":{"start":{"line":214,"column":27},"end":{"line":214,"column":45}}}},"branchMap":{"0":{"loc":{"start":{"line":120,"column":11},"end":{"line":120,"column":75}},"type":"binary-expr","locations":[{"start":{"line":120,"column":11},"end":{"line":120,"column":38}},{"start":{"line":120,"column":42},"end":{"line":120,"column":75}}]},"1":{"loc":{"start":{"line":129,"column":31},"end":{"line":129,"column":66}},"type":"default-arg","locations":[{"start":{"line":129,"column":64},"end":{"line":129,"column":66}}]},"2":{"loc":{"start":{"line":130,"column":19},"end":{"line":130,"column":55}},"type":"binary-expr","locations":[{"start":{"line":130,"column":19},"end":{"line":130,"column":33}},{"start":{"line":130,"column":37},"end":{"line":130,"column":55}}]},"3":{"loc":{"start":{"line":143,"column":4},"end":{"line":152,"column":5}},"type":"if","locations":[{"start":{"line":143,"column":4},"end":{"line":152,"column":5}}]},"4":{"loc":{"start":{"line":144,"column":8},"end":{"line":150,"column":9}},"type":"if","locations":[{"start":{"line":144,"column":8},"end":{"line":150,"column":9}}]},"5":{"loc":{"start":{"line":156,"column":4},"end":{"line":167,"column":5}},"type":"if","locations":[{"start":{"line":156,"column":4},"end":{"line":167,"column":5}},{"start":{"line":158,"column":11},"end":{"line":167,"column":5}}]},"6":{"loc":{"start":{"line":164,"column":12},"end":{"line":164,"column":81}},"type":"if","locations":[{"start":{"line":164,"column":12},"end":{"line":164,"column":81}}]},"7":{"loc":{"start":{"line":173,"column":8},"end":{"line":178,"column":9}},"type":"if","locations":[{"start":{"line":173,"column":8},"end":{"line":178,"column":9}}]},"8":{"loc":{"start":{"line":174,"column":12},"end":{"line":176,"column":13}},"type":"if","locations":[{"start":{"line":174,"column":12},"end":{"line":176,"column":13}}]},"9":{"loc":{"start":{"line":185,"column":16},"end":{"line":188,"column":17}},"type":"if","locations":[{"start":{"line":185,"column":16},"end":{"line":188,"column":17}}]},"10":{"loc":{"start":{"line":185,"column":20},"end":{"line":185,"column":70}},"type":"binary-expr","locations":[{"start":{"line":185,"column":20},"end":{"line":185,"column":36}},{"start":{"line":185,"column":40},"end":{"line":185,"column":70}}]},"11":{"loc":{"start":{"line":195,"column":12},"end":{"line":195,"column":35}},"type":"if","locations":[{"start":{"line":195,"column":12},"end":{"line":195,"column":35}}]},"12":{"loc":{"start":{"line":208,"column":19},"end":{"line":208,"column":56}},"type":"binary-expr","locations":[{"start":{"line":208,"column":19},"end":{"line":208,"column":34}},{"start":{"line":208,"column":38},"end":{"line":208,"column":56}}]},"13":{"loc":{"start":{"line":210,"column":4},"end":{"line":210,"column":46}},"type":"if","locations":[{"start":{"line":210,"column":4},"end":{"line":210,"column":46}}]},"14":{"loc":{"start":{"line":220,"column":12},"end":{"line":220,"column":52}},"type":"if","locations":[{"start":{"line":220,"column":12},"end":{"line":220,"column":52}}]}},"s":{"0":1,"1":1,"2":1,"3":1,"4":1,"5":1,"6":1,"7":11,"8":11,"9":2,"10":10,"11":10,"12":10,"13":10,"14":10,"15":2,"16":1,"17":1,"18":8,"19":1,"20":7,"21":7,"22":8,"23":0,"24":0,"25":0,"26":8,"27":9,"28":9,"29":0,"30":0,"31":0,"32":9,"33":9,"34":9,"35":9,"36":12,"37":1,"38":1,"39":11,"40":11,"41":9,"42":0,"43":0,"44":8,"45":8,"46":2,"47":2,"48":0,"49":2,"50":2,"51":2,"52":2,"53":2,"54":2,"55":2,"56":1,"57":1},"f":{"0":11,"1":2,"2":10,"3":8,"4":2,"5":2},"b":{"0":[2,1],"1":[1],"2":[10,1],"3":[2],"4":[1],"5":[1,7],"6":[0],"7":[0],"8":[0],"9":[1],"10":[12,2],"11":[0],"12":[2,0],"13":[0],"14":[1]}}
,"W:\\CodeDeX\\codedex-api-manager\\src\\persistence\\file.ts": {"path":"W:\\CodeDeX\\codedex-api-manager\\src\\persistence\\file.ts","statementMap":{"0":{"start":{"line":13,"column":0},"end":{"line":13,"column":96}},"1":{"start":{"line":14,"column":0},"end":{"line":14,"column":37}},"2":{"start":{"line":15,"column":0},"end":{"line":15,"column":28}},"3":{"start":{"line":16,"column":0},"end":{"line":16,"column":107}},"4":{"start":{"line":59,"column":43},"end":{"line":59,"column":47}},"5":{"start":{"line":60,"column":55},"end":{"line":60,"column":68}},"6":{"start":{"line":63,"column":8},"end":{"line":63,"column":89}},"7":{"start":{"line":66,"column":8},"end":{"line":69,"column":9}},"8":{"start":{"line":67,"column":12},"end":{"line":67,"column":69}},"9":{"start":{"line":68,"column":12},"end":{"line":68,"column":75}},"10":{"start":{"line":71,"column":8},"end":{"line":73,"column":9}},"11":{"start":{"line":72,"column":12},"end":{"line":72,"column":25}},"12":{"start":{"line":77,"column":8},"end":{"line":84,"column":9}},"13":{"start":{"line":78,"column":12},"end":{"line":81,"column":13}},"14":{"start":{"line":79,"column":28},"end":{"line":79,"column":64}},"15":{"start":{"line":80,"column":16},"end":{"line":80,"column":41}},"16":{"start":{"line":85,"column":8},"end":{"line":85,"column":20}},"17":{"start":{"line":89,"column":24},"end":{"line":89,"column":46}},"18":{"start":{"line":90,"column":8},"end":{"line":109,"column":9}},"19":{"start":{"line":91,"column":24},"end":{"line":91,"column":46}},"20":{"start":{"line":92,"column":12},"end":{"line":94,"column":13}},"21":{"start":{"line":93,"column":16},"end":{"line":93,"column":52}},"22":{"start":{"line":98,"column":25},"end":{"line":98,"column":44}},"23":{"start":{"line":99,"column":12},"end":{"line":99,"column":50}},"24":{"start":{"line":100,"column":12},"end":{"line":100,"column":47}},"25":{"start":{"line":103,"column":12},"end":{"line":107,"column":13}},"26":{"start":{"line":104,"column":16},"end":{"line":104,"column":61}},"27":{"start":{"line":104,"column":41},"end":{"line":104,"column":61}},"28":{"start":{"line":120,"column":8},"end":{"line":120,"column":87}},"29":{"start":{"line":120,"column":22},"end":{"line":120,"column":87}},"30":{"start":{"line":121,"column":8},"end":{"line":124,"column":9}},"31":{"start":{"line":122,"column":70},"end":{"line":122,"column":88}},"32":{"start":{"line":123,"column":12},"end":{"line":123,"column":106}},"33":{"start":{"line":125,"column":8},"end":{"line":125,"column":86}},"34":{"start":{"line":129,"column":8},"end":{"line":129,"column":50}},"35":{"start":{"line":129,"column":33},"end":{"line":129,"column":50}},"36":{"start":{"line":130,"column":19},"end":{"line":130,"column":34}},"37":{"start":{"line":131,"column":23},"end":{"line":131,"column":77}},"38":{"start":{"line":132,"column":26},"end":{"line":132,"column":92}},"39":{"start":{"line":133,"column":20},"end":{"line":133,"column":107}},"40":{"start":{"line":134,"column":8},"end":{"line":134,"column":90}},"41":{"start":{"line":138,"column":8},"end":{"line":138,"column":61}},"42":{"start":{"line":138,"column":49},"end":{"line":138,"column":61}},"43":{"start":{"line":139,"column":8},"end":{"line":142,"column":9}},"44":{"start":{"line":140,"column":12},"end":{"line":140,"column":87}},"45":{"start":{"line":141,"column":12},"end":{"line":141,"column":24}},"46":{"start":{"line":143,"column":8},"end":{"line":154,"column":9}},"47":{"start":{"line":144,"column":28},"end":{"line":144,"column":65}},"48":{"start":{"line":145,"column":23},"end":{"line":145,"column":46}},"49":{"start":{"line":146,"column":24},"end":{"line":146,"column":95}},"50":{"start":{"line":147,"column":23},"end":{"line":147,"column":72}},"51":{"start":{"line":148,"column":29},"end":{"line":148,"column":85}},"52":{"start":{"line":149,"column":12},"end":{"line":149,"column":63}},"53":{"start":{"line":149,"column":22},"end":{"line":149,"column":63}},"54":{"start":{"line":150,"column":12},"end":{"line":150,"column":92}},"55":{"start":{"line":152,"column":12},"end":{"line":152,"column":86}},"56":{"start":{"line":153,"column":12},"end":{"line":153,"column":24}},"57":{"start":{"line":158,"column":8},"end":{"line":158,"column":43}},"58":{"start":{"line":162,"column":8},"end":{"line":168,"column":9}},"59":{"start":{"line":163,"column":12},"end":{"line":165,"column":13}},"60":{"start":{"line":164,"column":16},"end":{"line":164,"column":42}},"61":{"start":{"line":173,"column":8},"end":{"line":173,"column":29}},"62":{"start":{"line":57,"column":0},"end":{"line":57,"column":13}}},"fnMap":{"0":{"name":"(anonymous_0)","decl":{"start":{"line":62,"column":4},"end":{"line":62,"column":16}},"loc":{"start":{"line":62,"column":48},"end":{"line":74,"column":5}}},"1":{"name":"(anonymous_1)","decl":{"start":{"line":76,"column":4},"end":{"line":76,"column":11}},"loc":{"start":{"line":76,"column":24},"end":{"line":86,"column":5}}},"2":{"name":"(anonymous_2)","decl":{"start":{"line":88,"column":4},"end":{"line":88,"column":11}},"loc":{"start":{"line":88,"column":39},"end":{"line":110,"column":5}}},"3":{"name":"(anonymous_3)","decl":{"start":{"line":119,"column":12},"end":{"line":119,"column":22}},"loc":{"start":{"line":119,"column":46},"end":{"line":126,"column":5}}},"4":{"name":"(anonymous_4)","decl":{"start":{"line":128,"column":12},"end":{"line":128,"column":19}},"loc":{"start":{"line":128,"column":37},"end":{"line":135,"column":5}}},"5":{"name":"(anonymous_5)","decl":{"start":{"line":137,"column":12},"end":{"line":137,"column":19}},"loc":{"start":{"line":137,"column":32},"end":{"line":155,"column":5}}},"6":{"name":"(anonymous_6)","decl":{"start":{"line":157,"column":4},"end":{"line":157,"column":15}},"loc":{"start":{"line":157,"column":15},"end":{"line":159,"column":5}}},"7":{"name":"(anonymous_7)","decl":{"start":{"line":161,"column":4},"end":{"line":161,"column":9}},"loc":{"start":{"line":161,"column":9},"end":{"line":169,"column":5}}},"8":{"name":"(anonymous_8)","decl":{"start":{"line":172,"column":4},"end":{"line":172,"column":15}},"loc":{"start":{"line":172,"column":15},"end":{"line":174,"column":5}}}},"branchMap":{"0":{"loc":{"start":{"line":62,"column":16},"end":{"line":62,"column":48}},"type":"default-arg","locations":[{"start":{"line":62,"column":46},"end":{"line":62,"column":48}}]},"1":{"loc":{"start":{"line":63,"column":24},"end":{"line":63,"column":88}},"type":"binary-expr","locations":[{"start":{"line":63,"column":24},"end":{"line":63,"column":40}},{"start":{"line":63,"column":44},"end":{"line":63,"column":88}}]},"2":{"loc":{"start":{"line":66,"column":8},"end":{"line":69,"column":9}},"type":"if","locations":[{"start":{"line":66,"column":8},"end":{"line":69,"column":9}}]},"3":{"loc":{"start":{"line":68,"column":29},"end":{"line":68,"column":74}},"type":"binary-expr","locations":[{"start":{"line":68,"column":29},"end":{"line":68,"column":57}},{"start":{"line":68,"column":61},"end":{"line":68,"column":74}}]},"4":{"loc":{"start":{"line":71,"column":8},"end":{"line":73,"column":9}},"type":"if","locations":[{"start":{"line":71,"column":8},"end":{"line":73,"column":9}}]},"5":{"loc":{"start":{"line":78,"column":12},"end":{"line":81,"column":13}},"type":"if","locations":[{"start":{"line":78,"column":12},"end":{"line":81,"column":13}}]},"6":{"loc":{"start":{"line":92,"column":12},"end":{"line":94,"column":13}},"type":"if","locations":[{"start":{"line":92,"column":12},"end":{"line":94,"column":13}}]},"7":{"loc":{"start":{"line":104,"column":16},"end":{"line":104,"column":61}},"type":"if","locations":[{"start":{"line":104,"column":16},"end":{"line":104,"column":61}}]},"8":{"loc":{"start":{"line":120,"column":8},"end":{"line":120,"column":87}},"type":"if","locations":[{"start":{"line":120,"column":8},"end":{"line":120,"column":87}}]},"9":{"loc":{"start":{"line":121,"column":8},"end":{"line":124,"column":9}},"type":"if","locations":[{"start":{"line":121,"column":8},"end":{"line":124,"column":9}}]},"10":{"loc":{"start":{"line":123,"column":46},"end":{"line":123,"column":67}},"type":"binary-expr","locations":[{"start":{"line":123,"column":46},"end":{"line":123,"column":56}},{"start":{"line":123,"column":60},"end":{"line":123,"column":67}}]},"11":{"loc":{"start":{"line":123,"column":69},"end":{"line":123,"column":84}},"type":"binary-expr","locations":[{"start":{"line":123,"column":69},"end":{"line":123,"column":78}},{"start":{"line":123,"column":82},"end":{"line":123,"column":84}}]},"12":{"loc":{"start":{"line":123,"column":86},"end":{"line":123,"column":104}},"type":"binary-expr","locations":[{"start":{"line":123,"column":86},"end":{"line":123,"column":92}},{"start":{"line":123,"column":96},"end":{"line":123,"column":104}}]},"13":{"loc":{"start":{"line":129,"column":8},"end":{"line":129,"column":50}},"type":"if","locations":[{"start":{"line":129,"column":8},"end":{"line":129,"column":50}}]},"14":{"loc":{"start":{"line":133,"column":20},"end":{"line":133,"column":107}},"type":"cond-expr","locations":[{"start":{"line":133,"column":56},"end":{"line":133,"column":89}},{"start":{"line":133,"column":92},"end":{"line":133,"column":107}}]},"15":{"loc":{"start":{"line":138,"column":8},"end":{"line":138,"column":61}},"type":"if","locations":[{"start":{"line":138,"column":8},"end":{"line":138,"column":61}}]},"16":{"loc":{"start":{"line":139,"column":8},"end":{"line":142,"column":9}},"type":"if","locations":[{"start":{"line":139,"column":8},"end":{"line":142,"column":9}}]},"17":{"loc":{"start":{"line":146,"column":24},"end":{"line":146,"column":95}},"type":"cond-expr","locations":[{"start":{"line":146,"column":59},"end":{"line":146,"column":83}},{"start":{"line":146,"column":86},"end":{"line":146,"column":95}}]},"18":{"loc":{"start":{"line":147,"column":23},"end":{"line":147,"column":72}},"type":"cond-expr","locations":[{"start":{"line":147,"column":29},"end":{"line":147,"column":49}},{"start":{"line":147,"column":52},"end":{"line":147,"column":72}}]},"19":{"loc":{"start":{"line":149,"column":12},"end":{"line":149,"column":63}},"type":"if","locations":[{"start":{"line":149,"column":12},"end":{"line":149,"column":63}}]},"20":{"loc":{"start":{"line":163,"column":12},"end":{"line":165,"column":13}},"type":"if","locations":[{"start":{"line":163,"column":12},"end":{"line":165,"column":13}}]}},"s":{"0":7,"1":7,"2":7,"3":7,"4":33,"5":33,"6":33,"7":33,"8":0,"9":0,"10":33,"11":5,"12":30,"13":30,"14":27,"15":26,"16":4,"17":13,"18":13,"19":13,"20":13,"21":0,"22":13,"23":13,"24":13,"25":0,"26":0,"27":0,"28":0,"29":0,"30":0,"31":0,"32":0,"33":0,"34":13,"35":13,"36":0,"37":0,"38":0,"39":0,"40":0,"41":26,"42":26,"43":0,"44":0,"45":0,"46":0,"47":0,"48":0,"49":0,"50":0,"51":0,"52":0,"53":0,"54":0,"55":0,"56":0,"57":0,"58":6,"59":6,"60":1,"61":1,"62":7},"f":{"0":33,"1":30,"2":13,"3":0,"4":13,"5":26,"6":0,"7":6,"8":1},"b":{"0":[0],"1":[33,0],"2":[0],"3":[0,0],"4":[5],"5":[27],"6":[0],"7":[0],"8":[0],"9":[0],"10":[0,0],"11":[0,0],"12":[0,0],"13":[13],"14":[0,0],"15":[26],"16":[0],"17":[0,0],"18":[0,0],"19":[0],"20":[1]}}
,"W:\\CodeDeX\\codedex-api-manager\\src\\persistence\\memory.ts": {"path":"W:\\CodeDeX\\codedex-api-manager\\src\\persistence\\memory.ts","statementMap":{"0":{"start":{"line":24,"column":41},"end":{"line":24,"column":50}},"1":{"start":{"line":27,"column":8},"end":{"line":27,"column":43}},"2":{"start":{"line":31,"column":8},"end":{"line":31,"column":35}},"3":{"start":{"line":36,"column":8},"end":{"line":36,"column":27}},"4":{"start":{"line":41,"column":8},"end":{"line":41,"column":31}},"5":{"start":{"line":23,"column":0},"end":{"line":23,"column":13}}},"fnMap":{"0":{"name":"(anonymous_0)","decl":{"start":{"line":26,"column":4},"end":{"line":26,"column":11}},"loc":{"start":{"line":26,"column":23},"end":{"line":28,"column":5}}},"1":{"name":"(anonymous_1)","decl":{"start":{"line":30,"column":4},"end":{"line":30,"column":11}},"loc":{"start":{"line":30,"column":38},"end":{"line":32,"column":5}}},"2":{"name":"(anonymous_2)","decl":{"start":{"line":35,"column":4},"end":{"line":35,"column":9}},"loc":{"start":{"line":35,"column":9},"end":{"line":37,"column":5}}},"3":{"name":"(anonymous_3)","decl":{"start":{"line":40,"column":4},"end":{"line":40,"column":8}},"loc":{"start":{"line":40,"column":12},"end":{"line":42,"column":5}}}},"branchMap":{"0":{"loc":{"start":{"line":27,"column":15},"end":{"line":27,"column":42}},"type":"binary-expr","locations":[{"start":{"line":27,"column":15},"end":{"line":27,"column":34}},{"start":{"line":27,"column":38},"end":{"line":27,"column":42}}]}},"s":{"0":3,"1":3,"2":3,"3":1,"4":2,"5":7},"f":{"0":3,"1":3,"2":1,"3":2},"b":{"0":[3,2]}}
,"W:\\CodeDeX\\codedex-api-manager\\src\\presets\\anthropic.ts": {"path":"W:\\CodeDeX\\codedex-api-manager\\src\\presets\\anthropic.ts","statementMap":{"0":{"start":{"line":41,"column":0},"end":{"line":41,"column":59}},"1":{"start":{"line":44,"column":39},"end":{"line":44,"column":50}},"2":{"start":{"line":47,"column":8},"end":{"line":47,"column":29}},"3":{"start":{"line":51,"column":8},"end":{"line":56,"column":10}},"4":{"start":{"line":66,"column":8},"end":{"line":70,"column":38}},"5":{"start":{"line":74,"column":8},"end":{"line":74,"column":60}},"6":{"start":{"line":43,"column":0},"end":{"line":43,"column":13}}},"fnMap":{"0":{"name":"(anonymous_0)","decl":{"start":{"line":46,"column":4},"end":{"line":46,"column":24}},"loc":{"start":{"line":46,"column":62},"end":{"line":48,"column":5}}},"1":{"name":"(anonymous_1)","decl":{"start":{"line":50,"column":12},"end":{"line":50,"column":18}},"loc":{"start":{"line":50,"column":36},"end":{"line":57,"column":5}}},"2":{"name":"(anonymous_2)","decl":{"start":{"line":65,"column":4},"end":{"line":65,"column":10}},"loc":{"start":{"line":65,"column":57},"end":{"line":71,"column":5}}},"3":{"name":"(anonymous_3)","decl":{"start":{"line":73,"column":4},"end":{"line":73,"column":10}},"loc":{"start":{"line":73,"column":16},"end":{"line":75,"column":5}}}},"branchMap":{},"s":{"0":1,"1":1,"2":2,"3":3,"4":3,"5":4,"6":1},"f":{"0":2,"1":3,"2":3,"3":4},"b":{}}
,"W:\\CodeDeX\\codedex-api-manager\\src\\presets\\base.ts": {"path":"W:\\CodeDeX\\codedex-api-manager\\src\\presets\\base.ts","statementMap":{"0":{"start":{"line":15,"column":0},"end":{"line":15,"column":119}},"1":{"start":{"line":16,"column":0},"end":{"line":16,"column":50}},"2":{"start":{"line":17,"column":0},"end":{"line":17,"column":38}},"3":{"start":{"line":18,"column":0},"end":{"line":18,"column":37}},"4":{"start":{"line":19,"column":0},"end":{"line":19,"column":46}},"5":{"start":{"line":20,"column":0},"end":{"line":20,"column":36}},"6":{"start":{"line":73,"column":16},"end":{"line":73,"column":29}},"7":{"start":{"line":74,"column":20},"end":{"line":76,"column":34}},"8":{"start":{"line":77,"column":17},"end":{"line":77,"column":72}},"9":{"start":{"line":78,"column":4},"end":{"line":78,"column":32}},"10":{"start":{"line":102,"column":56},"end":{"line":102,"column":65}},"11":{"start":{"line":110,"column":8},"end":{"line":110,"column":48}},"12":{"start":{"line":112,"column":8},"end":{"line":117,"column":10}},"13":{"start":{"line":119,"column":26},"end":{"line":119,"column":40}},"14":{"start":{"line":121,"column":12},"end":{"line":121,"column":116}},"15":{"start":{"line":123,"column":24},"end":{"line":126,"column":10}},"16":{"start":{"line":128,"column":8},"end":{"line":134,"column":11}},"17":{"start":{"line":136,"column":8},"end":{"line":136,"column":26}},"18":{"start":{"line":138,"column":8},"end":{"line":141,"column":9}},"19":{"start":{"line":139,"column":12},"end":{"line":139,"column":68}},"20":{"start":{"line":140,"column":12},"end":{"line":140,"column":79}},"21":{"start":{"line":143,"column":8},"end":{"line":148,"column":10}},"22":{"start":{"line":155,"column":20},"end":{"line":155,"column":41}},"23":{"start":{"line":156,"column":8},"end":{"line":156,"column":117}},"24":{"start":{"line":156,"column":44},"end":{"line":156,"column":115}},"25":{"start":{"line":157,"column":8},"end":{"line":159,"column":10}},"26":{"start":{"line":158,"column":12},"end":{"line":158,"column":85}},"27":{"start":{"line":160,"column":8},"end":{"line":160,"column":114}},"28":{"start":{"line":160,"column":49},"end":{"line":160,"column":112}},"29":{"start":{"line":161,"column":8},"end":{"line":163,"column":10}},"30":{"start":{"line":162,"column":12},"end":{"line":162,"column":110}},"31":{"start":{"line":164,"column":8},"end":{"line":164,"column":109}},"32":{"start":{"line":164,"column":48},"end":{"line":164,"column":107}},"33":{"start":{"line":165,"column":8},"end":{"line":167,"column":10}},"34":{"start":{"line":166,"column":12},"end":{"line":166,"column":84}},"35":{"start":{"line":168,"column":8},"end":{"line":170,"column":10}},"36":{"start":{"line":169,"column":12},"end":{"line":169,"column":94}},"37":{"start":{"line":171,"column":8},"end":{"line":173,"column":10}},"38":{"start":{"line":172,"column":12},"end":{"line":172,"column":81}},"39":{"start":{"line":174,"column":8},"end":{"line":176,"column":10}},"40":{"start":{"line":175,"column":12},"end":{"line":175,"column":81}},"41":{"start":{"line":188,"column":8},"end":{"line":188,"column":49}},"42":{"start":{"line":198,"column":8},"end":{"line":198,"column":55}},"43":{"start":{"line":205,"column":8},"end":{"line":205,"column":37}},"44":{"start":{"line":212,"column":8},"end":{"line":212,"column":42}},"45":{"start":{"line":219,"column":8},"end":{"line":219,"column":39}},"46":{"start":{"line":226,"column":8},"end":{"line":226,"column":28}},"47":{"start":{"line":233,"column":8},"end":{"line":233,"column":40}},"48":{"start":{"line":246,"column":31},"end":{"line":246,"column":33}},"49":{"start":{"line":248,"column":8},"end":{"line":275,"column":9}},"50":{"start":{"line":249,"column":29},"end":{"line":249,"column":49}},"51":{"start":{"line":250,"column":12},"end":{"line":250,"column":36}},"52":{"start":{"line":250,"column":27},"end":{"line":250,"column":36}},"53":{"start":{"line":252,"column":28},"end":{"line":252,"column":43}},"54":{"start":{"line":253,"column":12},"end":{"line":253,"column":35}},"55":{"start":{"line":253,"column":26},"end":{"line":253,"column":35}},"56":{"start":{"line":256,"column":12},"end":{"line":266,"column":13}},"57":{"start":{"line":257,"column":16},"end":{"line":265,"column":17}},"58":{"start":{"line":258,"column":35},"end":{"line":258,"column":54}},"59":{"start":{"line":259,"column":20},"end":{"line":262,"column":21}},"60":{"start":{"line":260,"column":24},"end":{"line":260,"column":99}},"61":{"start":{"line":260,"column":63},"end":{"line":260,"column":96}},"62":{"start":{"line":261,"column":24},"end":{"line":261,"column":33}},"63":{"start":{"line":269,"column":12},"end":{"line":274,"column":14}},"64":{"start":{"line":272,"column":32},"end":{"line":272,"column":40}},"65":{"start":{"line":273,"column":35},"end":{"line":273,"column":47}},"66":{"start":{"line":277,"column":8},"end":{"line":277,"column":34}},"67":{"start":{"line":281,"column":8},"end":{"line":281,"column":60}},"68":{"start":{"line":289,"column":27},"end":{"line":289,"column":47}},"69":{"start":{"line":291,"column":8},"end":{"line":291,"column":47}},"70":{"start":{"line":291,"column":37},"end":{"line":291,"column":47}},"71":{"start":{"line":293,"column":8},"end":{"line":316,"column":9}},"72":{"start":{"line":294,"column":32},"end":{"line":294,"column":65}},"73":{"start":{"line":295,"column":27},"end":{"line":295,"column":50}},"74":{"start":{"line":296,"column":35},"end":{"line":296,"column":37}},"75":{"start":{"line":298,"column":12},"end":{"line":312,"column":13}},"76":{"start":{"line":299,"column":30},"end":{"line":299,"column":45}},"77":{"start":{"line":300,"column":16},"end":{"line":300,"column":37}},"78":{"start":{"line":300,"column":28},"end":{"line":300,"column":37}},"79":{"start":{"line":302,"column":16},"end":{"line":311,"column":17}},"80":{"start":{"line":303,"column":20},"end":{"line":303,"column":94}},"81":{"start":{"line":303,"column":58},"end":{"line":303,"column":91}},"82":{"start":{"line":304,"column":23},"end":{"line":311,"column":17}},"83":{"start":{"line":305,"column":20},"end":{"line":310,"column":22}},"84":{"start":{"line":308,"column":40},"end":{"line":308,"column":48}},"85":{"start":{"line":309,"column":43},"end":{"line":309,"column":55}},"86":{"start":{"line":313,"column":12},"end":{"line":313,"column":38}},"87":{"start":{"line":315,"column":12},"end":{"line":315,"column":22}},"88":{"start":{"line":332,"column":30},"end":{"line":332,"column":82}},"89":{"start":{"line":333,"column":28},"end":{"line":333,"column":70}},"90":{"start":{"line":336,"column":25},"end":{"line":336,"column":62}},"91":{"start":{"line":337,"column":8},"end":{"line":339,"column":9}},"92":{"start":{"line":338,"column":12},"end":{"line":338,"column":58}},"93":{"start":{"line":342,"column":24},"end":{"line":342,"column":51}},"94":{"start":{"line":343,"column":19},"end":{"line":343,"column":55}},"95":{"start":{"line":345,"column":8},"end":{"line":347,"column":9}},"96":{"start":{"line":346,"column":12},"end":{"line":346,"column":60}},"97":{"start":{"line":349,"column":8},"end":{"line":357,"column":9}},"98":{"start":{"line":350,"column":12},"end":{"line":356,"column":14}},"99":{"start":{"line":359,"column":8},"end":{"line":368,"column":9}},"100":{"start":{"line":360,"column":29},"end":{"line":360,"column":65}},"101":{"start":{"line":361,"column":12},"end":{"line":361,"column":60}},"102":{"start":{"line":362,"column":12},"end":{"line":362,"column":53}},"103":{"start":{"line":364,"column":12},"end":{"line":367,"column":14}},"104":{"start":{"line":375,"column":25},"end":{"line":375,"column":59}},"105":{"start":{"line":376,"column":8},"end":{"line":379,"column":9}},"106":{"start":{"line":377,"column":12},"end":{"line":377,"column":31}},"107":{"start":{"line":378,"column":12},"end":{"line":378,"column":50}},"108":{"start":{"line":386,"column":8},"end":{"line":388,"column":9}},"109":{"start":{"line":387,"column":12},"end":{"line":387,"column":31}},"110":{"start":{"line":389,"column":8},"end":{"line":389,"column":37}},"111":{"start":{"line":101,"column":0},"end":{"line":101,"column":22}}},"fnMap":{"0":{"name":"getProjectId","decl":{"start":{"line":72,"column":9},"end":{"line":72,"column":21}},"loc":{"start":{"line":72,"column":21},"end":{"line":79,"column":1}}},"1":{"name":"(anonymous_1)","decl":{"start":{"line":109,"column":4},"end":{"line":109,"column":26}},"loc":{"start":{"line":109,"column":67},"end":{"line":149,"column":5}}},"2":{"name":"(anonymous_2)","decl":{"start":{"line":154,"column":12},"end":{"line":154,"column":22}},"loc":{"start":{"line":154,"column":22},"end":{"line":177,"column":5}}},"3":{"name":"(anonymous_3)","decl":{"start":{"line":156,"column":35},"end":{"line":156,"column":36}},"loc":{"start":{"line":156,"column":44},"end":{"line":156,"column":115}}},"4":{"name":"(anonymous_4)","decl":{"start":{"line":157,"column":39},"end":{"line":157,"column":40}},"loc":{"start":{"line":158,"column":12},"end":{"line":158,"column":85}}},"5":{"name":"(anonymous_5)","decl":{"start":{"line":160,"column":40},"end":{"line":160,"column":41}},"loc":{"start":{"line":160,"column":49},"end":{"line":160,"column":112}}},"6":{"name":"(anonymous_6)","decl":{"start":{"line":161,"column":33},"end":{"line":161,"column":34}},"loc":{"start":{"line":162,"column":12},"end":{"line":162,"column":110}}},"7":{"name":"(anonymous_7)","decl":{"start":{"line":164,"column":36},"end":{"line":164,"column":37}},"loc":{"start":{"line":164,"column":48},"end":{"line":164,"column":107}}},"8":{"name":"(anonymous_8)","decl":{"start":{"line":165,"column":44},"end":{"line":165,"column":47}},"loc":{"start":{"line":166,"column":12},"end":{"line":166,"column":84}}},"9":{"name":"(anonymous_9)","decl":{"start":{"line":168,"column":44},"end":{"line":168,"column":47}},"loc":{"start":{"line":169,"column":12},"end":{"line":169,"column":94}}},"10":{"name":"(anonymous_10)","decl":{"start":{"line":171,"column":45},"end":{"line":171,"column":46}},"loc":{"start":{"line":172,"column":12},"end":{"line":172,"column":81}}},"11":{"name":"(anonymous_11)","decl":{"start":{"line":174,"column":45},"end":{"line":174,"column":46}},"loc":{"start":{"line":175,"column":12},"end":{"line":175,"column":81}}},"12":{"name":"(anonymous_12)","decl":{"start":{"line":184,"column":4},"end":{"line":184,"column":9}},"loc":{"start":{"line":186,"column":54},"end":{"line":189,"column":5}}},"13":{"name":"(anonymous_13)","decl":{"start":{"line":194,"column":4},"end":{"line":194,"column":9}},"loc":{"start":{"line":196,"column":54},"end":{"line":199,"column":5}}},"14":{"name":"(anonymous_14)","decl":{"start":{"line":204,"column":4},"end":{"line":204,"column":10}},"loc":{"start":{"line":204,"column":10},"end":{"line":206,"column":5}}},"15":{"name":"(anonymous_15)","decl":{"start":{"line":211,"column":4},"end":{"line":211,"column":15}},"loc":{"start":{"line":211,"column":15},"end":{"line":213,"column":5}}},"16":{"name":"(anonymous_16)","decl":{"start":{"line":218,"column":4},"end":{"line":218,"column":12}},"loc":{"start":{"line":218,"column":12},"end":{"line":220,"column":5}}},"17":{"name":"(anonymous_17)","decl":{"start":{"line":225,"column":4},"end":{"line":225,"column":14}},"loc":{"start":{"line":225,"column":14},"end":{"line":227,"column":5}}},"18":{"name":"(anonymous_18)","decl":{"start":{"line":232,"column":4},"end":{"line":232,"column":11}},"loc":{"start":{"line":232,"column":11},"end":{"line":234,"column":5}}},"19":{"name":"(anonymous_19)","decl":{"start":{"line":245,"column":14},"end":{"line":245,"column":20}},"loc":{"start":{"line":245,"column":55},"end":{"line":278,"column":5}}},"20":{"name":"(anonymous_20)","decl":{"start":{"line":260,"column":51},"end":{"line":260,"column":52}},"loc":{"start":{"line":260,"column":63},"end":{"line":260,"column":96}}},"21":{"name":"(anonymous_21)","decl":{"start":{"line":272,"column":25},"end":{"line":272,"column":26}},"loc":{"start":{"line":272,"column":32},"end":{"line":272,"column":40}}},"22":{"name":"(anonymous_22)","decl":{"start":{"line":273,"column":28},"end":{"line":273,"column":29}},"loc":{"start":{"line":273,"column":35},"end":{"line":273,"column":47}}},"23":{"name":"(anonymous_23)","decl":{"start":{"line":280,"column":14},"end":{"line":280,"column":20}},"loc":{"start":{"line":280,"column":34},"end":{"line":282,"column":5}}},"24":{"name":"(anonymous_24)","decl":{"start":{"line":288,"column":14},"end":{"line":288,"column":20}},"loc":{"start":{"line":288,"column":59},"end":{"line":317,"column":5}}},"25":{"name":"(anonymous_25)","decl":{"start":{"line":303,"column":46},"end":{"line":303,"column":47}},"loc":{"start":{"line":303,"column":58},"end":{"line":303,"column":91}}},"26":{"name":"(anonymous_26)","decl":{"start":{"line":308,"column":33},"end":{"line":308,"column":34}},"loc":{"start":{"line":308,"column":40},"end":{"line":308,"column":48}}},"27":{"name":"(anonymous_27)","decl":{"start":{"line":309,"column":36},"end":{"line":309,"column":37}},"loc":{"start":{"line":309,"column":43},"end":{"line":309,"column":55}}},"28":{"name":"(anonymous_28)","decl":{"start":{"line":327,"column":14},"end":{"line":327,"column":20}},"loc":{"start":{"line":330,"column":42},"end":{"line":369,"column":5}}},"29":{"name":"(anonymous_29)","decl":{"start":{"line":374,"column":14},"end":{"line":374,"column":20}},"loc":{"start":{"line":374,"column":51},"end":{"line":380,"column":5}}},"30":{"name":"(anonymous_30)","decl":{"start":{"line":385,"column":4},"end":{"line":385,"column":10}},"loc":{"start":{"line":385,"column":19},"end":{"line":390,"column":5}}}},"branchMap":{"0":{"loc":{"start":{"line":110,"column":22},"end":{"line":110,"column":47}},"type":"binary-expr","locations":[{"start":{"line":110,"column":22},"end":{"line":110,"column":36}},{"start":{"line":110,"column":40},"end":{"line":110,"column":47}}]},"1":{"loc":{"start":{"line":113,"column":22},"end":{"line":113,"column":51}},"type":"binary-expr","locations":[{"start":{"line":113,"column":22},"end":{"line":113,"column":38}},{"start":{"line":113,"column":42},"end":{"line":113,"column":51}}]},"2":{"loc":{"start":{"line":114,"column":25},"end":{"line":114,"column":50}},"type":"binary-expr","locations":[{"start":{"line":114,"column":25},"end":{"line":114,"column":44}},{"start":{"line":114,"column":48},"end":{"line":114,"column":50}}]},"3":{"loc":{"start":{"line":115,"column":35},"end":{"line":115,"column":75}},"type":"binary-expr","locations":[{"start":{"line":115,"column":35},"end":{"line":115,"column":64}},{"start":{"line":115,"column":68},"end":{"line":115,"column":75}}]},"4":{"loc":{"start":{"line":121,"column":12},"end":{"line":121,"column":116}},"type":"binary-expr","locations":[{"start":{"line":121,"column":12},"end":{"line":121,"column":38}},{"start":{"line":121,"column":42},"end":{"line":121,"column":116}}]},"5":{"loc":{"start":{"line":130,"column":22},"end":{"line":130,"column":68}},"type":"binary-expr","locations":[{"start":{"line":130,"column":22},"end":{"line":130,"column":43}},{"start":{"line":130,"column":47},"end":{"line":130,"column":68}}]},"6":{"loc":{"start":{"line":138,"column":8},"end":{"line":141,"column":9}},"type":"if","locations":[{"start":{"line":138,"column":8},"end":{"line":141,"column":9}}]},"7":{"loc":{"start":{"line":138,"column":12},"end":{"line":138,"column":80}},"type":"binary-expr","locations":[{"start":{"line":138,"column":12},"end":{"line":138,"column":38}},{"start":{"line":138,"column":42},"end":{"line":138,"column":80}}]},"8":{"loc":{"start":{"line":145,"column":30},"end":{"line":145,"column":90}},"type":"binary-expr","locations":[{"start":{"line":145,"column":30},"end":{"line":145,"column":69}},{"start":{"line":145,"column":73},"end":{"line":145,"column":90}}]},"9":{"loc":{"start":{"line":147,"column":33},"end":{"line":147,"column":140}},"type":"cond-expr","locations":[{"start":{"line":147,"column":74},"end":{"line":147,"column":127}},{"start":{"line":147,"column":130},"end":{"line":147,"column":140}}]},"10":{"loc":{"start":{"line":250,"column":12},"end":{"line":250,"column":36}},"type":"if","locations":[{"start":{"line":250,"column":12},"end":{"line":250,"column":36}}]},"11":{"loc":{"start":{"line":253,"column":12},"end":{"line":253,"column":35}},"type":"if","locations":[{"start":{"line":253,"column":12},"end":{"line":253,"column":35}}]},"12":{"loc":{"start":{"line":256,"column":12},"end":{"line":266,"column":13}},"type":"if","locations":[{"start":{"line":256,"column":12},"end":{"line":266,"column":13}}]},"13":{"loc":{"start":{"line":259,"column":20},"end":{"line":262,"column":21}},"type":"if","locations":[{"start":{"line":259,"column":20},"end":{"line":262,"column":21}}]},"14":{"loc":{"start":{"line":260,"column":63},"end":{"line":260,"column":96}},"type":"binary-expr","locations":[{"start":{"line":260,"column":63},"end":{"line":260,"column":84}},{"start":{"line":260,"column":88},"end":{"line":260,"column":96}}]},"15":{"loc":{"start":{"line":291,"column":8},"end":{"line":291,"column":47}},"type":"if","locations":[{"start":{"line":291,"column":8},"end":{"line":291,"column":47}}]},"16":{"loc":{"start":{"line":300,"column":16},"end":{"line":300,"column":37}},"type":"if","locations":[{"start":{"line":300,"column":16},"end":{"line":300,"column":37}}]},"17":{"loc":{"start":{"line":302,"column":16},"end":{"line":311,"column":17}},"type":"if","locations":[{"start":{"line":302,"column":16},"end":{"line":311,"column":17}},{"start":{"line":304,"column":23},"end":{"line":311,"column":17}}]},"18":{"loc":{"start":{"line":303,"column":58},"end":{"line":303,"column":91}},"type":"binary-expr","locations":[{"start":{"line":303,"column":58},"end":{"line":303,"column":79}},{"start":{"line":303,"column":83},"end":{"line":303,"column":91}}]},"19":{"loc":{"start":{"line":304,"column":23},"end":{"line":311,"column":17}},"type":"if","locations":[{"start":{"line":304,"column":23},"end":{"line":311,"column":17}}]},"20":{"loc":{"start":{"line":304,"column":27},"end":{"line":304,"column":68}},"type":"binary-expr","locations":[{"start":{"line":304,"column":27},"end":{"line":304,"column":52}},{"start":{"line":304,"column":56},"end":{"line":304,"column":68}}]},"21":{"loc":{"start":{"line":333,"column":28},"end":{"line":333,"column":70}},"type":"binary-expr","locations":[{"start":{"line":333,"column":28},"end":{"line":333,"column":50}},{"start":{"line":333,"column":54},"end":{"line":333,"column":70}}]},"22":{"loc":{"start":{"line":337,"column":8},"end":{"line":339,"column":9}},"type":"if","locations":[{"start":{"line":337,"column":8},"end":{"line":339,"column":9}}]},"23":{"loc":{"start":{"line":342,"column":24},"end":{"line":342,"column":51}},"type":"binary-expr","locations":[{"start":{"line":342,"column":24},"end":{"line":342,"column":45}},{"start":{"line":342,"column":49},"end":{"line":342,"column":51}}]},"24":{"loc":{"start":{"line":345,"column":8},"end":{"line":347,"column":9}},"type":"if","locations":[{"start":{"line":345,"column":8},"end":{"line":347,"column":9}}]},"25":{"loc":{"start":{"line":349,"column":8},"end":{"line":357,"column":9}},"type":"if","locations":[{"start":{"line":349,"column":8},"end":{"line":357,"column":9}}]},"26":{"loc":{"start":{"line":366,"column":23},"end":{"line":366,"column":80}},"type":"cond-expr","locations":[{"start":{"line":366,"column":48},"end":{"line":366,"column":53}},{"start":{"line":366,"column":56},"end":{"line":366,"column":80}}]},"27":{"loc":{"start":{"line":376,"column":8},"end":{"line":379,"column":9}},"type":"if","locations":[{"start":{"line":376,"column":8},"end":{"line":379,"column":9}}]}},"s":{"0":1,"1":1,"2":1,"3":1,"4":1,"5":1,"6":18,"7":18,"8":18,"9":18,"10":1,"11":18,"12":18,"13":18,"14":18,"15":18,"16":18,"17":18,"18":18,"19":0,"20":0,"21":18,"22":18,"23":18,"24":0,"25":18,"26":0,"27":18,"28":0,"29":18,"30":0,"31":18,"32":0,"33":18,"34":0,"35":18,"36":0,"37":18,"38":0,"39":18,"40":0,"41":4,"42":0,"43":4,"44":9,"45":1,"46":2,"47":18,"48":20,"49":20,"50":35,"51":35,"52":18,"53":17,"54":17,"55":0,"56":17,"57":1,"58":1,"59":1,"60":1,"61":3,"62":1,"63":16,"64":21,"65":21,"66":20,"67":2,"68":3,"69":3,"70":2,"71":1,"72":1,"73":1,"74":1,"75":1,"76":2,"77":2,"78":1,"79":1,"80":1,"81":2,"82":0,"83":0,"84":0,"85":0,"86":1,"87":0,"88":21,"89":21,"90":21,"91":21,"92":1,"93":20,"94":20,"95":20,"96":3,"97":20,"98":2,"99":18,"100":18,"101":18,"102":18,"103":0,"104":24,"105":24,"106":18,"107":18,"108":23,"109":0,"110":23,"111":1},"f":{"0":18,"1":18,"2":18,"3":0,"4":0,"5":0,"6":0,"7":0,"8":0,"9":0,"10":0,"11":0,"12":4,"13":0,"14":4,"15":9,"16":1,"17":2,"18":18,"19":20,"20":3,"21":21,"22":21,"23":2,"24":3,"25":2,"26":0,"27":0,"28":21,"29":24,"30":23},"b":{"0":[18,18],"1":[18,0],"2":[18,0],"3":[18,0],"4":[18,18],"5":[18,18],"6":[0],"7":[18,0],"8":[18,18],"9":[18,0],"10":[18],"11":[0],"12":[1],"13":[1],"14":[3,3],"15":[2],"16":[1],"17":[1,0],"18":[2,2],"19":[0],"20":[0,0],"21":[21,0],"22":[1],"23":[20,0],"24":[3],"25":[2],"26":[0,0],"27":[18]}}
,"W:\\CodeDeX\\codedex-api-manager\\src\\presets\\gemini.ts": {"path":"W:\\CodeDeX\\codedex-api-manager\\src\\presets\\gemini.ts","statementMap":{"0":{"start":{"line":32,"column":0},"end":{"line":32,"column":59}},"1":{"start":{"line":35,"column":39},"end":{"line":35,"column":47}},"2":{"start":{"line":38,"column":8},"end":{"line":38,"column":29}},"3":{"start":{"line":45,"column":8},"end":{"line":50,"column":10}},"4":{"start":{"line":69,"column":8},"end":{"line":73,"column":35}},"5":{"start":{"line":80,"column":8},"end":{"line":80,"column":57}},"6":{"start":{"line":34,"column":0},"end":{"line":34,"column":13}}},"fnMap":{"0":{"name":"(anonymous_0)","decl":{"start":{"line":37,"column":4},"end":{"line":37,"column":24}},"loc":{"start":{"line":37,"column":62},"end":{"line":39,"column":5}}},"1":{"name":"(anonymous_1)","decl":{"start":{"line":44,"column":12},"end":{"line":44,"column":18}},"loc":{"start":{"line":44,"column":36},"end":{"line":51,"column":5}}},"2":{"name":"(anonymous_2)","decl":{"start":{"line":68,"column":4},"end":{"line":68,"column":10}},"loc":{"start":{"line":68,"column":57},"end":{"line":74,"column":5}}},"3":{"name":"(anonymous_3)","decl":{"start":{"line":79,"column":4},"end":{"line":79,"column":10}},"loc":{"start":{"line":79,"column":16},"end":{"line":81,"column":5}}}},"branchMap":{},"s":{"0":1,"1":1,"2":14,"3":16,"4":16,"5":17,"6":1},"f":{"0":14,"1":16,"2":16,"3":17},"b":{}}
,"W:\\CodeDeX\\codedex-api-manager\\src\\presets\\multi.ts": {"path":"W:\\CodeDeX\\codedex-api-manager\\src\\presets\\multi.ts","statementMap":{"0":{"start":{"line":36,"column":0},"end":{"line":36,"column":null}},"1":{"start":{"line":44,"column":0},"end":{"line":44,"column":50}},"2":{"start":{"line":45,"column":0},"end":{"line":45,"column":38}},"3":{"start":{"line":46,"column":0},"end":{"line":46,"column":28}},"4":{"start":{"line":47,"column":0},"end":{"line":47,"column":36}},"5":{"start":{"line":50,"column":16},"end":{"line":50,"column":29}},"6":{"start":{"line":51,"column":20},"end":{"line":53,"column":34}},"7":{"start":{"line":54,"column":17},"end":{"line":54,"column":72}},"8":{"start":{"line":55,"column":4},"end":{"line":55,"column":32}},"9":{"start":{"line":89,"column":51},"end":{"line":89,"column":55}},"10":{"start":{"line":91,"column":23},"end":{"line":91,"column":55}},"11":{"start":{"line":95,"column":8},"end":{"line":95,"column":48}},"12":{"start":{"line":97,"column":8},"end":{"line":142,"column":9}},"13":{"start":{"line":98,"column":25},"end":{"line":98,"column":70}},"14":{"start":{"line":100,"column":12},"end":{"line":105,"column":13}},"15":{"start":{"line":101,"column":16},"end":{"line":103,"column":18}},"16":{"start":{"line":104,"column":16},"end":{"line":104,"column":25}},"17":{"start":{"line":107,"column":30},"end":{"line":107,"column":44}},"18":{"start":{"line":108,"column":28},"end":{"line":111,"column":14}},"19":{"start":{"line":113,"column":28},"end":{"line":118,"column":14}},"20":{"start":{"line":121,"column":12},"end":{"line":123,"column":14}},"21":{"start":{"line":122,"column":16},"end":{"line":122,"column":97}},"22":{"start":{"line":124,"column":12},"end":{"line":126,"column":14}},"23":{"start":{"line":125,"column":16},"end":{"line":125,"column":100}},"24":{"start":{"line":127,"column":12},"end":{"line":129,"column":14}},"25":{"start":{"line":128,"column":16},"end":{"line":128,"column":101}},"26":{"start":{"line":130,"column":12},"end":{"line":132,"column":14}},"27":{"start":{"line":131,"column":16},"end":{"line":131,"column":86}},"28":{"start":{"line":135,"column":29},"end":{"line":135,"column":69}},"29":{"start":{"line":136,"column":12},"end":{"line":138,"column":13}},"30":{"start":{"line":137,"column":16},"end":{"line":137,"column":52}},"31":{"start":{"line":140,"column":12},"end":{"line":140,"column":53}},"32":{"start":{"line":141,"column":12},"end":{"line":141,"column":100}},"33":{"start":{"line":151,"column":8},"end":{"line":153,"column":9}},"34":{"start":{"line":152,"column":12},"end":{"line":152,"column":66}},"35":{"start":{"line":155,"column":8},"end":{"line":163,"column":9}},"36":{"start":{"line":156,"column":12},"end":{"line":156,"column":62}},"37":{"start":{"line":157,"column":12},"end":{"line":157,"column":66}},"38":{"start":{"line":159,"column":12},"end":{"line":162,"column":14}},"39":{"start":{"line":170,"column":8},"end":{"line":173,"column":9}},"40":{"start":{"line":171,"column":12},"end":{"line":171,"column":44}},"41":{"start":{"line":172,"column":12},"end":{"line":172,"column":41}},"42":{"start":{"line":188,"column":24},"end":{"line":188,"column":59}},"43":{"start":{"line":189,"column":8},"end":{"line":194,"column":9}},"44":{"start":{"line":190,"column":12},"end":{"line":193,"column":14}},"45":{"start":{"line":196,"column":49},"end":{"line":196,"column":56}},"46":{"start":{"line":197,"column":8},"end":{"line":197,"column":52}},"47":{"start":{"line":207,"column":24},"end":{"line":207,"column":59}},"48":{"start":{"line":208,"column":8},"end":{"line":213,"column":9}},"49":{"start":{"line":209,"column":12},"end":{"line":212,"column":14}},"50":{"start":{"line":214,"column":49},"end":{"line":214,"column":56}},"51":{"start":{"line":215,"column":8},"end":{"line":215,"column":58}},"52":{"start":{"line":222,"column":24},"end":{"line":222,"column":51}},"53":{"start":{"line":223,"column":8},"end":{"line":223,"column":34}},"54":{"start":{"line":223,"column":22},"end":{"line":223,"column":34}},"55":{"start":{"line":224,"column":8},"end":{"line":224,"column":32}},"56":{"start":{"line":231,"column":24},"end":{"line":231,"column":51}},"57":{"start":{"line":232,"column":8},"end":{"line":232,"column":34}},"58":{"start":{"line":232,"column":22},"end":{"line":232,"column":34}},"59":{"start":{"line":233,"column":8},"end":{"line":233,"column":34}},"60":{"start":{"line":240,"column":58},"end":{"line":240,"column":60}},"61":{"start":{"line":241,"column":8},"end":{"line":243,"column":9}},"62":{"start":{"line":242,"column":12},"end":{"line":242,"column":45}},"63":{"start":{"line":244,"column":8},"end":{"line":244,"column":21}},"64":{"start":{"line":251,"column":8},"end":{"line":251,"column":41}},"65":{"start":{"line":258,"column":8},"end":{"line":258,"column":43}},"66":{"start":{"line":265,"column":8},"end":{"line":267,"column":9}},"67":{"start":{"line":266,"column":12},"end":{"line":266,"column":39}},"68":{"start":{"line":268,"column":8},"end":{"line":268,"column":30}},"69":{"start":{"line":274,"column":31},"end":{"line":274,"column":33}},"70":{"start":{"line":275,"column":8},"end":{"line":298,"column":9}},"71":{"start":{"line":276,"column":29},"end":{"line":276,"column":49}},"72":{"start":{"line":277,"column":12},"end":{"line":277,"column":36}},"73":{"start":{"line":277,"column":27},"end":{"line":277,"column":36}},"74":{"start":{"line":278,"column":28},"end":{"line":278,"column":43}},"75":{"start":{"line":279,"column":12},"end":{"line":279,"column":35}},"76":{"start":{"line":279,"column":26},"end":{"line":279,"column":35}},"77":{"start":{"line":281,"column":12},"end":{"line":291,"column":13}},"78":{"start":{"line":282,"column":16},"end":{"line":290,"column":17}},"79":{"start":{"line":283,"column":35},"end":{"line":283,"column":54}},"80":{"start":{"line":284,"column":20},"end":{"line":287,"column":21}},"81":{"start":{"line":285,"column":24},"end":{"line":285,"column":99}},"82":{"start":{"line":285,"column":63},"end":{"line":285,"column":96}},"83":{"start":{"line":286,"column":24},"end":{"line":286,"column":33}},"84":{"start":{"line":292,"column":12},"end":{"line":297,"column":14}},"85":{"start":{"line":295,"column":32},"end":{"line":295,"column":40}},"86":{"start":{"line":296,"column":35},"end":{"line":296,"column":47}},"87":{"start":{"line":299,"column":8},"end":{"line":299,"column":34}},"88":{"start":{"line":88,"column":0},"end":{"line":88,"column":13}}},"fnMap":{"0":{"name":"getProjectId","decl":{"start":{"line":49,"column":9},"end":{"line":49,"column":21}},"loc":{"start":{"line":49,"column":21},"end":{"line":56,"column":1}}},"1":{"name":"(anonymous_1)","decl":{"start":{"line":94,"column":4},"end":{"line":94,"column":24}},"loc":{"start":{"line":94,"column":52},"end":{"line":143,"column":5}}},"2":{"name":"(anonymous_2)","decl":{"start":{"line":121,"column":34},"end":{"line":121,"column":35}},"loc":{"start":{"line":122,"column":16},"end":{"line":122,"column":97}}},"3":{"name":"(anonymous_3)","decl":{"start":{"line":124,"column":38},"end":{"line":124,"column":39}},"loc":{"start":{"line":125,"column":16},"end":{"line":125,"column":100}}},"4":{"name":"(anonymous_4)","decl":{"start":{"line":127,"column":39},"end":{"line":127,"column":40}},"loc":{"start":{"line":128,"column":16},"end":{"line":128,"column":101}}},"5":{"name":"(anonymous_5)","decl":{"start":{"line":130,"column":43},"end":{"line":130,"column":46}},"loc":{"start":{"line":131,"column":16},"end":{"line":131,"column":86}}},"6":{"name":"(anonymous_6)","decl":{"start":{"line":150,"column":4},"end":{"line":150,"column":10}},"loc":{"start":{"line":150,"column":51},"end":{"line":164,"column":5}}},"7":{"name":"(anonymous_7)","decl":{"start":{"line":169,"column":4},"end":{"line":169,"column":10}},"loc":{"start":{"line":169,"column":16},"end":{"line":174,"column":5}}},"8":{"name":"(anonymous_8)","decl":{"start":{"line":184,"column":4},"end":{"line":184,"column":9}},"loc":{"start":{"line":186,"column":71},"end":{"line":198,"column":5}}},"9":{"name":"(anonymous_9)","decl":{"start":{"line":203,"column":4},"end":{"line":203,"column":9}},"loc":{"start":{"line":205,"column":71},"end":{"line":216,"column":5}}},"10":{"name":"(anonymous_10)","decl":{"start":{"line":221,"column":4},"end":{"line":221,"column":10}},"loc":{"start":{"line":221,"column":27},"end":{"line":225,"column":5}}},"11":{"name":"(anonymous_11)","decl":{"start":{"line":230,"column":4},"end":{"line":230,"column":12}},"loc":{"start":{"line":230,"column":29},"end":{"line":234,"column":5}}},"12":{"name":"(anonymous_12)","decl":{"start":{"line":239,"column":4},"end":{"line":239,"column":17}},"loc":{"start":{"line":239,"column":17},"end":{"line":245,"column":5}}},"13":{"name":"(anonymous_13)","decl":{"start":{"line":250,"column":4},"end":{"line":250,"column":16}},"loc":{"start":{"line":250,"column":16},"end":{"line":252,"column":5}}},"14":{"name":"(anonymous_14)","decl":{"start":{"line":257,"column":4},"end":{"line":257,"column":14}},"loc":{"start":{"line":257,"column":31},"end":{"line":259,"column":5}}},"15":{"name":"(anonymous_15)","decl":{"start":{"line":264,"column":4},"end":{"line":264,"column":11}},"loc":{"start":{"line":264,"column":11},"end":{"line":269,"column":5}}},"16":{"name":"(anonymous_16)","decl":{"start":{"line":273,"column":12},"end":{"line":273,"column":18}},"loc":{"start":{"line":273,"column":53},"end":{"line":300,"column":5}}},"17":{"name":"(anonymous_17)","decl":{"start":{"line":285,"column":51},"end":{"line":285,"column":52}},"loc":{"start":{"line":285,"column":63},"end":{"line":285,"column":96}}},"18":{"name":"(anonymous_18)","decl":{"start":{"line":295,"column":25},"end":{"line":295,"column":26}},"loc":{"start":{"line":295,"column":32},"end":{"line":295,"column":40}}},"19":{"name":"(anonymous_19)","decl":{"start":{"line":296,"column":28},"end":{"line":296,"column":29}},"loc":{"start":{"line":296,"column":35},"end":{"line":296,"column":47}}}},"branchMap":{"0":{"loc":{"start":{"line":95,"column":22},"end":{"line":95,"column":47}},"type":"binary-expr","locations":[{"start":{"line":95,"column":22},"end":{"line":95,"column":36}},{"start":{"line":95,"column":40},"end":{"line":95,"column":47}}]},"1":{"loc":{"start":{"line":100,"column":12},"end":{"line":105,"column":13}},"type":"if","locations":[{"start":{"line":100,"column":12},"end":{"line":105,"column":13}}]},"2":{"loc":{"start":{"line":115,"column":26},"end":{"line":115,"column":66}},"type":"binary-expr","locations":[{"start":{"line":115,"column":26},"end":{"line":115,"column":41}},{"start":{"line":115,"column":45},"end":{"line":115,"column":66}}]},"3":{"loc":{"start":{"line":116,"column":29},"end":{"line":116,"column":53}},"type":"binary-expr","locations":[{"start":{"line":116,"column":29},"end":{"line":116,"column":47}},{"start":{"line":116,"column":51},"end":{"line":116,"column":53}}]},"4":{"loc":{"start":{"line":135,"column":29},"end":{"line":135,"column":69}},"type":"binary-expr","locations":[{"start":{"line":135,"column":29},"end":{"line":135,"column":58}},{"start":{"line":135,"column":62},"end":{"line":135,"column":69}}]},"5":{"loc":{"start":{"line":136,"column":12},"end":{"line":138,"column":13}},"type":"if","locations":[{"start":{"line":136,"column":12},"end":{"line":138,"column":13}}]},"6":{"loc":{"start":{"line":151,"column":8},"end":{"line":153,"column":9}},"type":"if","locations":[{"start":{"line":151,"column":8},"end":{"line":153,"column":9}}]},"7":{"loc":{"start":{"line":161,"column":23},"end":{"line":161,"column":80}},"type":"cond-expr","locations":[{"start":{"line":161,"column":48},"end":{"line":161,"column":53}},{"start":{"line":161,"column":56},"end":{"line":161,"column":80}}]},"8":{"loc":{"start":{"line":170,"column":8},"end":{"line":173,"column":9}},"type":"if","locations":[{"start":{"line":170,"column":8},"end":{"line":173,"column":9}}]},"9":{"loc":{"start":{"line":189,"column":8},"end":{"line":194,"column":9}},"type":"if","locations":[{"start":{"line":189,"column":8},"end":{"line":194,"column":9}}]},"10":{"loc":{"start":{"line":208,"column":8},"end":{"line":213,"column":9}},"type":"if","locations":[{"start":{"line":208,"column":8},"end":{"line":213,"column":9}}]},"11":{"loc":{"start":{"line":223,"column":8},"end":{"line":223,"column":34}},"type":"if","locations":[{"start":{"line":223,"column":8},"end":{"line":223,"column":34}}]},"12":{"loc":{"start":{"line":232,"column":8},"end":{"line":232,"column":34}},"type":"if","locations":[{"start":{"line":232,"column":8},"end":{"line":232,"column":34}}]},"13":{"loc":{"start":{"line":277,"column":12},"end":{"line":277,"column":36}},"type":"if","locations":[{"start":{"line":277,"column":12},"end":{"line":277,"column":36}}]},"14":{"loc":{"start":{"line":279,"column":12},"end":{"line":279,"column":35}},"type":"if","locations":[{"start":{"line":279,"column":12},"end":{"line":279,"column":35}}]},"15":{"loc":{"start":{"line":281,"column":12},"end":{"line":291,"column":13}},"type":"if","locations":[{"start":{"line":281,"column":12},"end":{"line":291,"column":13}}]},"16":{"loc":{"start":{"line":284,"column":20},"end":{"line":287,"column":21}},"type":"if","locations":[{"start":{"line":284,"column":20},"end":{"line":287,"column":21}}]},"17":{"loc":{"start":{"line":285,"column":63},"end":{"line":285,"column":96}},"type":"binary-expr","locations":[{"start":{"line":285,"column":63},"end":{"line":285,"column":84}},{"start":{"line":285,"column":88},"end":{"line":285,"column":96}}]}},"s":{"0":1,"1":1,"2":1,"3":1,"4":1,"5":9,"6":9,"7":9,"8":9,"9":1,"10":6,"11":6,"12":6,"13":9,"14":9,"15":0,"16":0,"17":9,"18":9,"19":9,"20":9,"21":0,"22":9,"23":0,"24":9,"25":0,"26":9,"27":0,"28":9,"29":9,"30":9,"31":9,"32":9,"33":7,"34":1,"35":6,"36":6,"37":6,"38":0,"39":7,"40":6,"41":6,"42":3,"43":3,"44":1,"45":2,"46":2,"47":0,"48":0,"49":0,"50":0,"51":0,"52":2,"53":2,"54":1,"55":1,"56":2,"57":2,"58":0,"59":2,"60":1,"61":1,"62":2,"63":1,"64":1,"65":0,"66":6,"67":9,"68":6,"69":9,"70":9,"71":9,"72":9,"73":0,"74":9,"75":9,"76":0,"77":9,"78":0,"79":0,"80":0,"81":0,"82":0,"83":0,"84":9,"85":11,"86":11,"87":9,"88":1},"f":{"0":9,"1":6,"2":0,"3":0,"4":0,"5":0,"6":7,"7":7,"8":3,"9":0,"10":2,"11":2,"12":1,"13":1,"14":0,"15":6,"16":9,"17":0,"18":11,"19":11},"b":{"0":[6,6],"1":[0],"2":[9,9],"3":[9,9],"4":[9,9],"5":[9],"6":[1],"7":[0,0],"8":[6],"9":[1],"10":[0],"11":[1],"12":[0],"13":[0],"14":[0],"15":[0],"16":[0],"17":[0,0]}}
,"W:\\CodeDeX\\codedex-api-manager\\src\\presets\\openai.ts": {"path":"W:\\CodeDeX\\codedex-api-manager\\src\\presets\\openai.ts","statementMap":{"0":{"start":{"line":32,"column":0},"end":{"line":32,"column":59}},"1":{"start":{"line":35,"column":39},"end":{"line":35,"column":47}},"2":{"start":{"line":38,"column":8},"end":{"line":38,"column":29}},"3":{"start":{"line":42,"column":8},"end":{"line":47,"column":10}},"4":{"start":{"line":57,"column":8},"end":{"line":61,"column":35}},"5":{"start":{"line":65,"column":8},"end":{"line":65,"column":57}},"6":{"start":{"line":34,"column":0},"end":{"line":34,"column":13}}},"fnMap":{"0":{"name":"(anonymous_0)","decl":{"start":{"line":37,"column":4},"end":{"line":37,"column":24}},"loc":{"start":{"line":37,"column":62},"end":{"line":39,"column":5}}},"1":{"name":"(anonymous_1)","decl":{"start":{"line":41,"column":12},"end":{"line":41,"column":18}},"loc":{"start":{"line":41,"column":36},"end":{"line":48,"column":5}}},"2":{"name":"(anonymous_2)","decl":{"start":{"line":56,"column":4},"end":{"line":56,"column":10}},"loc":{"start":{"line":56,"column":57},"end":{"line":62,"column":5}}},"3":{"name":"(anonymous_3)","decl":{"start":{"line":64,"column":4},"end":{"line":64,"column":10}},"loc":{"start":{"line":64,"column":16},"end":{"line":66,"column":5}}}},"branchMap":{},"s":{"0":1,"1":1,"2":2,"3":2,"4":2,"5":3,"6":1},"f":{"0":2,"1":2,"2":2,"3":3},"b":{}}
}
