TN:
SF:src\env\loader.ts
FN:109,parseEnvFile
FN:119,getDefaultEnvDir
FN:129,loadCentralEnv
FN:161,(anonymous_3)
FN:207,getCentralEnvVar
FN:214,(anonymous_5)
FNF:6
FNH:6
FNDA:11,parseEnvFile
FNDA:2,getDefaultEnvDir
FNDA:10,loadCentralEnv
FNDA:8,(anonymous_3)
FNDA:2,getCentralEnvVar
FNDA:2,(anonymous_5)
DA:41,1
DA:42,1
DA:43,1
DA:44,1
DA:110,11
DA:111,11
DA:119,1
DA:120,2
DA:129,1
DA:130,10
DA:131,10
DA:132,10
DA:134,10
DA:143,10
DA:144,2
DA:145,1
DA:151,1
DA:156,8
DA:157,1
DA:159,7
DA:160,7
DA:161,8
DA:164,0
DA:165,0
DA:170,8
DA:171,9
DA:173,9
DA:174,0
DA:175,0
DA:177,0
DA:180,9
DA:181,9
DA:182,9
DA:184,9
DA:185,12
DA:186,1
DA:187,1
DA:189,11
DA:190,11
DA:193,9
DA:195,0
DA:199,8
DA:200,8
DA:207,1
DA:208,2
DA:210,2
DA:212,2
DA:213,2
DA:214,2
DA:217,2
DA:218,2
DA:219,2
DA:220,2
DA:226,1
LF:54
LH:48
BRDA:120,0,0,2
BRDA:120,0,1,1
BRDA:129,1,0,1
BRDA:130,2,0,10
BRDA:130,2,1,1
BRDA:143,3,0,2
BRDA:144,4,0,1
BRDA:156,5,0,1
BRDA:156,5,1,7
BRDA:164,6,0,0
BRDA:173,7,0,0
BRDA:174,8,0,0
BRDA:185,9,0,1
BRDA:185,10,0,12
BRDA:185,10,1,2
BRDA:195,11,0,0
BRDA:208,12,0,2
BRDA:208,12,1,0
BRDA:210,13,0,0
BRDA:220,14,0,1
BRF:20
BRH:14
end_of_record
TN:
SF:src\persistence\file.ts
FN:62,(anonymous_0)
FN:76,(anonymous_1)
FN:88,(anonymous_2)
FN:119,(anonymous_3)
FN:128,(anonymous_4)
FN:137,(anonymous_5)
FN:157,(anonymous_6)
FN:161,(anonymous_7)
FN:172,(anonymous_8)
FNF:9
FNH:7
FNDA:33,(anonymous_0)
FNDA:30,(anonymous_1)
FNDA:13,(anonymous_2)
FNDA:0,(anonymous_3)
FNDA:13,(anonymous_4)
FNDA:26,(anonymous_5)
FNDA:0,(anonymous_6)
FNDA:6,(anonymous_7)
FNDA:1,(anonymous_8)
DA:13,7
DA:14,7
DA:15,7
DA:16,7
DA:57,7
DA:59,33
DA:60,33
DA:63,33
DA:66,33
DA:67,0
DA:68,0
DA:71,33
DA:72,5
DA:77,30
DA:78,30
DA:79,27
DA:80,26
DA:85,4
DA:89,13
DA:90,13
DA:91,13
DA:92,13
DA:93,0
DA:98,13
DA:99,13
DA:100,13
DA:103,0
DA:104,0
DA:120,0
DA:121,0
DA:122,0
DA:123,0
DA:125,0
DA:129,13
DA:130,0
DA:131,0
DA:132,0
DA:133,0
DA:134,0
DA:138,26
DA:139,0
DA:140,0
DA:141,0
DA:143,0
DA:144,0
DA:145,0
DA:146,0
DA:147,0
DA:148,0
DA:149,0
DA:150,0
DA:152,0
DA:153,0
DA:158,0
DA:162,6
DA:163,6
DA:164,1
DA:173,1
LF:58
LH:29
BRDA:62,0,0,0
BRDA:63,1,0,33
BRDA:63,1,1,0
BRDA:66,2,0,0
BRDA:68,3,0,0
BRDA:68,3,1,0
BRDA:71,4,0,5
BRDA:78,5,0,27
BRDA:92,6,0,0
BRDA:104,7,0,0
BRDA:120,8,0,0
BRDA:121,9,0,0
BRDA:123,10,0,0
BRDA:123,10,1,0
BRDA:123,11,0,0
BRDA:123,11,1,0
BRDA:123,12,0,0
BRDA:123,12,1,0
BRDA:129,13,0,13
BRDA:133,14,0,0
BRDA:133,14,1,0
BRDA:138,15,0,26
BRDA:139,16,0,0
BRDA:146,17,0,0
BRDA:146,17,1,0
BRDA:147,18,0,0
BRDA:147,18,1,0
BRDA:149,19,0,0
BRDA:163,20,0,1
BRF:29
BRH:6
end_of_record
TN:
SF:src\persistence\memory.ts
FN:26,(anonymous_0)
FN:30,(anonymous_1)
FN:35,(anonymous_2)
FN:40,(anonymous_3)
FNF:4
FNH:4
FNDA:3,(anonymous_0)
FNDA:3,(anonymous_1)
FNDA:1,(anonymous_2)
FNDA:2,(anonymous_3)
DA:23,7
DA:24,3
DA:27,3
DA:31,3
DA:36,1
DA:41,2
LF:6
LH:6
BRDA:27,0,0,3
BRDA:27,0,1,2
BRF:2
BRH:2
end_of_record
TN:
SF:src\presets\anthropic.ts
FN:46,(anonymous_0)
FN:50,(anonymous_1)
FN:65,(anonymous_2)
FN:73,(anonymous_3)
FNF:4
FNH:4
FNDA:2,(anonymous_0)
FNDA:3,(anonymous_1)
FNDA:3,(anonymous_2)
FNDA:4,(anonymous_3)
DA:41,1
DA:43,1
DA:44,1
DA:47,2
DA:51,3
DA:66,3
DA:74,4
LF:7
LH:7
BRF:0
BRH:0
end_of_record
TN:
SF:src\presets\base.ts
FN:72,getProjectId
FN:109,(anonymous_1)
FN:154,(anonymous_2)
FN:156,(anonymous_3)
FN:157,(anonymous_4)
FN:160,(anonymous_5)
FN:161,(anonymous_6)
FN:164,(anonymous_7)
FN:165,(anonymous_8)
FN:168,(anonymous_9)
FN:171,(anonymous_10)
FN:174,(anonymous_11)
FN:184,(anonymous_12)
FN:194,(anonymous_13)
FN:204,(anonymous_14)
FN:211,(anonymous_15)
FN:218,(anonymous_16)
FN:225,(anonymous_17)
FN:232,(anonymous_18)
FN:245,(anonymous_19)
FN:260,(anonymous_20)
FN:272,(anonymous_21)
FN:273,(anonymous_22)
FN:280,(anonymous_23)
FN:288,(anonymous_24)
FN:303,(anonymous_25)
FN:308,(anonymous_26)
FN:309,(anonymous_27)
FN:327,(anonymous_28)
FN:374,(anonymous_29)
FN:385,(anonymous_30)
FNF:31
FNH:19
FNDA:18,getProjectId
FNDA:18,(anonymous_1)
FNDA:18,(anonymous_2)
FNDA:0,(anonymous_3)
FNDA:0,(anonymous_4)
FNDA:0,(anonymous_5)
FNDA:0,(anonymous_6)
FNDA:0,(anonymous_7)
FNDA:0,(anonymous_8)
FNDA:0,(anonymous_9)
FNDA:0,(anonymous_10)
FNDA:0,(anonymous_11)
FNDA:4,(anonymous_12)
FNDA:0,(anonymous_13)
FNDA:4,(anonymous_14)
FNDA:9,(anonymous_15)
FNDA:1,(anonymous_16)
FNDA:2,(anonymous_17)
FNDA:18,(anonymous_18)
FNDA:20,(anonymous_19)
FNDA:3,(anonymous_20)
FNDA:21,(anonymous_21)
FNDA:21,(anonymous_22)
FNDA:2,(anonymous_23)
FNDA:3,(anonymous_24)
FNDA:2,(anonymous_25)
FNDA:0,(anonymous_26)
FNDA:0,(anonymous_27)
FNDA:21,(anonymous_28)
FNDA:24,(anonymous_29)
FNDA:23,(anonymous_30)
DA:15,1
DA:16,1
DA:17,1
DA:18,1
DA:19,1
DA:20,1
DA:73,18
DA:74,18
DA:77,18
DA:78,18
DA:101,1
DA:102,1
DA:110,18
DA:112,18
DA:119,18
DA:121,18
DA:123,18
DA:128,18
DA:136,18
DA:138,18
DA:139,0
DA:140,0
DA:143,18
DA:155,18
DA:156,18
DA:157,18
DA:158,0
DA:160,18
DA:161,18
DA:162,0
DA:164,18
DA:165,18
DA:166,0
DA:168,18
DA:169,0
DA:171,18
DA:172,0
DA:174,18
DA:175,0
DA:188,4
DA:198,0
DA:205,4
DA:212,9
DA:219,1
DA:226,2
DA:233,18
DA:246,20
DA:248,20
DA:249,35
DA:250,35
DA:252,17
DA:253,17
DA:256,17
DA:257,1
DA:258,1
DA:259,1
DA:260,3
DA:261,1
DA:269,16
DA:272,21
DA:273,21
DA:277,20
DA:281,2
DA:289,3
DA:291,3
DA:293,1
DA:294,1
DA:295,1
DA:296,1
DA:298,1
DA:299,2
DA:300,2
DA:302,1
DA:303,2
DA:304,0
DA:305,0
DA:308,0
DA:309,0
DA:313,1
DA:315,0
DA:332,21
DA:333,21
DA:336,21
DA:337,21
DA:338,1
DA:342,20
DA:343,20
DA:345,20
DA:346,3
DA:349,20
DA:350,2
DA:359,18
DA:360,18
DA:361,18
DA:362,18
DA:364,0
DA:375,24
DA:376,24
DA:377,18
DA:378,18
DA:386,23
DA:387,0
DA:389,23
LF:103
LH:87
BRDA:110,0,0,18
BRDA:110,0,1,18
BRDA:113,1,0,18
BRDA:113,1,1,0
BRDA:114,2,0,18
BRDA:114,2,1,0
BRDA:115,3,0,18
BRDA:115,3,1,0
BRDA:121,4,0,18
BRDA:121,4,1,18
BRDA:130,5,0,18
BRDA:130,5,1,18
BRDA:138,6,0,0
BRDA:138,7,0,18
BRDA:138,7,1,0
BRDA:145,8,0,18
BRDA:145,8,1,18
BRDA:147,9,0,18
BRDA:147,9,1,0
BRDA:250,10,0,18
BRDA:253,11,0,0
BRDA:256,12,0,1
BRDA:259,13,0,1
BRDA:260,14,0,3
BRDA:260,14,1,3
BRDA:291,15,0,2
BRDA:300,16,0,1
BRDA:302,17,0,1
BRDA:302,17,1,0
BRDA:303,18,0,2
BRDA:303,18,1,2
BRDA:304,19,0,0
BRDA:304,20,0,0
BRDA:304,20,1,0
BRDA:333,21,0,21
BRDA:333,21,1,0
BRDA:337,22,0,1
BRDA:342,23,0,20
BRDA:342,23,1,0
BRDA:345,24,0,3
BRDA:349,25,0,2
BRDA:366,26,0,0
BRDA:366,26,1,0
BRDA:376,27,0,18
BRF:44
BRH:29
end_of_record
TN:
SF:src\presets\gemini.ts
FN:37,(anonymous_0)
FN:44,(anonymous_1)
FN:68,(anonymous_2)
FN:79,(anonymous_3)
FNF:4
FNH:4
FNDA:14,(anonymous_0)
FNDA:16,(anonymous_1)
FNDA:16,(anonymous_2)
FNDA:17,(anonymous_3)
DA:32,1
DA:34,1
DA:35,1
DA:38,14
DA:45,16
DA:69,16
DA:80,17
LF:7
LH:7
BRF:0
BRH:0
end_of_record
TN:
SF:src\presets\multi.ts
FN:49,getProjectId
FN:94,(anonymous_1)
FN:121,(anonymous_2)
FN:124,(anonymous_3)
FN:127,(anonymous_4)
FN:130,(anonymous_5)
FN:150,(anonymous_6)
FN:169,(anonymous_7)
FN:184,(anonymous_8)
FN:203,(anonymous_9)
FN:221,(anonymous_10)
FN:230,(anonymous_11)
FN:239,(anonymous_12)
FN:250,(anonymous_13)
FN:257,(anonymous_14)
FN:264,(anonymous_15)
FN:273,(anonymous_16)
FN:285,(anonymous_17)
FN:295,(anonymous_18)
FN:296,(anonymous_19)
FNF:20
FNH:13
FNDA:9,getProjectId
FNDA:6,(anonymous_1)
FNDA:0,(anonymous_2)
FNDA:0,(anonymous_3)
FNDA:0,(anonymous_4)
FNDA:0,(anonymous_5)
FNDA:7,(anonymous_6)
FNDA:7,(anonymous_7)
FNDA:3,(anonymous_8)
FNDA:0,(anonymous_9)
FNDA:2,(anonymous_10)
FNDA:2,(anonymous_11)
FNDA:1,(anonymous_12)
FNDA:1,(anonymous_13)
FNDA:0,(anonymous_14)
FNDA:6,(anonymous_15)
FNDA:9,(anonymous_16)
FNDA:0,(anonymous_17)
FNDA:11,(anonymous_18)
FNDA:11,(anonymous_19)
DA:36,1
DA:44,1
DA:45,1
DA:46,1
DA:47,1
DA:50,9
DA:51,9
DA:54,9
DA:55,9
DA:88,1
DA:89,1
DA:91,6
DA:95,6
DA:97,6
DA:98,9
DA:100,9
DA:101,0
DA:104,0
DA:107,9
DA:108,9
DA:113,9
DA:121,9
DA:122,0
DA:124,9
DA:125,0
DA:127,9
DA:128,0
DA:130,9
DA:131,0
DA:135,9
DA:136,9
DA:137,9
DA:140,9
DA:141,9
DA:151,7
DA:152,1
DA:155,6
DA:156,6
DA:157,6
DA:159,0
DA:170,7
DA:171,6
DA:172,6
DA:188,3
DA:189,3
DA:190,1
DA:196,2
DA:197,2
DA:207,0
DA:208,0
DA:209,0
DA:214,0
DA:215,0
DA:222,2
DA:223,2
DA:224,1
DA:231,2
DA:232,2
DA:233,2
DA:240,1
DA:241,1
DA:242,2
DA:244,1
DA:251,1
DA:258,0
DA:265,6
DA:266,9
DA:268,6
DA:274,9
DA:275,9
DA:276,9
DA:277,9
DA:278,9
DA:279,9
DA:281,9
DA:282,0
DA:283,0
DA:284,0
DA:285,0
DA:286,0
DA:292,9
DA:295,11
DA:296,11
DA:299,9
LF:84
LH:66
BRDA:95,0,0,6
BRDA:95,0,1,6
BRDA:100,1,0,0
BRDA:115,2,0,9
BRDA:115,2,1,9
BRDA:116,3,0,9
BRDA:116,3,1,9
BRDA:135,4,0,9
BRDA:135,4,1,9
BRDA:136,5,0,9
BRDA:151,6,0,1
BRDA:161,7,0,0
BRDA:161,7,1,0
BRDA:170,8,0,6
BRDA:189,9,0,1
BRDA:208,10,0,0
BRDA:223,11,0,1
BRDA:232,12,0,0
BRDA:277,13,0,0
BRDA:279,14,0,0
BRDA:281,15,0,0
BRDA:284,16,0,0
BRDA:285,17,0,0
BRDA:285,17,1,0
BRF:24
BRH:13
end_of_record
TN:
SF:src\presets\openai.ts
FN:37,(anonymous_0)
FN:41,(anonymous_1)
FN:56,(anonymous_2)
FN:64,(anonymous_3)
FNF:4
FNH:4
FNDA:2,(anonymous_0)
FNDA:2,(anonymous_1)
FNDA:2,(anonymous_2)
FNDA:3,(anonymous_3)
DA:32,1
DA:34,1
DA:35,1
DA:38,2
DA:42,2
DA:57,2
DA:65,3
LF:7
LH:7
BRF:0
BRH:0
end_of_record
